<?xml version="1.0" encoding="UTF-8"?>
<robot generator="Robot 6.0.2 (Python 3.11.2 on win32)" generated="20230512 16:37:38.544" rpa="false" schemaversion="3">
<suite id="s1" name="Apps" source="C:\Users\Nikhil4.Patil\OneDrive - Reliance Corporate IT Park Limited\Desktop\Jenkins_Exp\Tests\Apps\Apps.robot">
<test id="s1-t1" name="Confirm UI Functionality of JioNews App" line="27">
<kw name="Begin Web Test" library="Common" type="SETUP">
<kw name="Open Excel Document" library="ExcelLibrary">
<arg>filename=Resources/JioWeb.xlsx</arg>
<arg>doc_id=JioWeb</arg>
<doc>Opens xlsx document file.</doc>
<status status="PASS" starttime="20230512 16:37:40.409" endtime="20230512 16:37:40.722"/>
</kw>
<kw name="Open Browser" library="SeleniumLibrary">
<arg>about:blank</arg>
<arg>${Browser}</arg>
<doc>Opens a new browser instance to the optional ``url``.</doc>
<msg timestamp="20230512 16:37:40.724" level="INFO">Opening browser 'chrome' to base url 'about:blank'.</msg>
<status status="PASS" starttime="20230512 16:37:40.723" endtime="20230512 16:37:44.096"/>
</kw>
<kw name="Maximize Browser Window" library="SeleniumLibrary">
<doc>Maximizes current browser window.</doc>
<status status="PASS" starttime="20230512 16:37:44.096" endtime="20230512 16:37:44.213"/>
</kw>
<status status="PASS" starttime="20230512 16:37:40.408" endtime="20230512 16:37:44.214"/>
</kw>
<kw name="Visit Apps Page on Jio.com" library="Apps_page">
<kw name="Landing on Apps Page" library="Redirection_to_Apps">
<kw name="Visit Jio.com And Goto" library="Common">
<arg>${Apps}</arg>
<kw name="Visit Jio.com" library="Common">
<kw name="Go To" library="SeleniumLibrary">
<arg>${URL}</arg>
<doc>Navigates the current browser window to the provided ``url``.</doc>
<msg timestamp="20230512 16:37:44.216" level="INFO">Opening url 'https://www.jio.com/'</msg>
<status status="PASS" starttime="20230512 16:37:44.216" endtime="20230512 16:37:45.702"/>
</kw>
<kw name="Sleep" library="BuiltIn">
<arg>500ms</arg>
<doc>Pauses the test executed for the given time.</doc>
<msg timestamp="20230512 16:37:46.208" level="INFO">Slept 500 milliseconds</msg>
<status status="PASS" starttime="20230512 16:37:45.704" endtime="20230512 16:37:46.208"/>
</kw>
<status status="PASS" starttime="20230512 16:37:44.216" endtime="20230512 16:37:46.208"/>
</kw>
<kw name="Wait For And Click Element" library="Common">
<arg>${Page}</arg>
<kw name="Wait Until Element Is Visible" library="SeleniumLibrary">
<arg>${locator}</arg>
<doc>Waits until the element ``locator`` is visible.</doc>
<status status="PASS" starttime="20230512 16:37:46.208" endtime="20230512 16:37:46.319"/>
</kw>
<try>
<branch type="TRY">
<kw name="Click Element" library="SeleniumLibrary">
<arg>${locator}</arg>
<doc>Click the element identified by ``locator``.</doc>
<msg timestamp="20230512 16:37:46.319" level="INFO">Clicking element 'xpath=//a[@aria-label='Apps']'.</msg>
<status status="PASS" starttime="20230512 16:37:46.319" endtime="20230512 16:37:47.316"/>
</kw>
<status status="PASS" starttime="20230512 16:37:46.319" endtime="20230512 16:37:47.316"/>
</branch>
<branch type="EXCEPT">
<kw name="Get WebElement" library="SeleniumLibrary">
<var>${ele}</var>
<arg>${locator}</arg>
<doc>Returns the first WebElement matching the given ``locator``.</doc>
<status status="NOT RUN" starttime="20230512 16:37:47.316" endtime="20230512 16:37:47.316"/>
</kw>
<kw name="Execute Javascript" library="SeleniumLibrary">
<arg>arguments[0].click();</arg>
<arg>ARGUMENTS</arg>
<arg>${ele}</arg>
<doc>Executes the given JavaScript code with possible arguments.</doc>
<status status="NOT RUN" starttime="20230512 16:37:47.316" endtime="20230512 16:37:47.316"/>
</kw>
<status status="NOT RUN" starttime="20230512 16:37:47.316" endtime="20230512 16:37:47.316"/>
</branch>
<status status="PASS" starttime="20230512 16:37:46.319" endtime="20230512 16:37:47.316"/>
</try>
<status status="PASS" starttime="20230512 16:37:46.208" endtime="20230512 16:37:47.316"/>
</kw>
<kw name="Wait Until Keyword Succeeds" library="BuiltIn">
<arg>1 min</arg>
<arg>0 sec</arg>
<arg>CSS Verification</arg>
<arg>${Page}</arg>
<arg>text-decoration-line</arg>
<arg>underline</arg>
<doc>Runs the specified keyword and retries if it fails.</doc>
<kw name="CSS Verification" library="Common">
<arg>${Page}</arg>
<arg>text-decoration-line</arg>
<arg>underline</arg>
<kw name="Get WebElement" library="SeleniumLibrary">
<var>${css}</var>
<arg>${locator}</arg>
<doc>Returns the first WebElement matching the given ``locator``.</doc>
<msg timestamp="20230512 16:37:47.351" level="INFO">${css} = &lt;selenium.webdriver.remote.webelement.WebElement (session="e8dd66572718c85225beb3658f91015f", element="36aa3954-d977-4278-b679-ad9d7412af21")&gt;</msg>
<status status="PASS" starttime="20230512 16:37:47.316" endtime="20230512 16:37:47.351"/>
</kw>
<kw name="Call Method" library="BuiltIn">
<var>${prop_val}</var>
<arg>${css}</arg>
<arg>value_of_css_property</arg>
<arg>${attribute name}</arg>
<doc>Calls the named method of the given object with the provided arguments.</doc>
<msg timestamp="20230512 16:37:47.601" level="INFO">${prop_val} = underline</msg>
<status status="PASS" starttime="20230512 16:37:47.351" endtime="20230512 16:37:47.601"/>
</kw>
<kw name="Should Be Equal As Strings" library="BuiltIn">
<arg>${prop_val}</arg>
<arg>${attribute_value}</arg>
<doc>Fails if objects are unequal after converting them to strings.</doc>
<status status="PASS" starttime="20230512 16:37:47.601" endtime="20230512 16:37:47.601"/>
</kw>
<status status="PASS" starttime="20230512 16:37:47.316" endtime="20230512 16:37:47.601"/>
</kw>
<status status="PASS" starttime="20230512 16:37:47.316" endtime="20230512 16:37:47.601"/>
</kw>
<status status="PASS" starttime="20230512 16:37:44.215" endtime="20230512 16:37:47.601"/>
</kw>
<kw name="Set Screenshot Directory" library="SeleniumLibrary">
<arg>./Results/Apps/Apps_Screenshots/</arg>
<doc>Sets the directory for captured screenshots.</doc>
<status status="PASS" starttime="20230512 16:37:47.601" endtime="20230512 16:37:47.609"/>
</kw>
<kw name="Run Keyword And Continue On Failure" library="BuiltIn">
<arg>Wait Until Keyword Succeeds</arg>
<arg>30 sec</arg>
<arg>1 sec</arg>
<arg>CSS Verification</arg>
<arg>${Apps}</arg>
<arg>text-decoration</arg>
<arg>underline solid rgb(255, 255, 255)</arg>
<doc>Runs the keyword and continues execution even if a failure occurs.</doc>
<kw name="Wait Until Keyword Succeeds" library="BuiltIn">
<arg>30 sec</arg>
<arg>1 sec</arg>
<arg>CSS Verification</arg>
<arg>${Apps}</arg>
<arg>text-decoration</arg>
<arg>underline solid rgb(255, 255, 255)</arg>
<doc>Runs the specified keyword and retries if it fails.</doc>
<kw name="CSS Verification" library="Common">
<arg>${Apps}</arg>
<arg>text-decoration</arg>
<arg>underline solid rgb(255, 255, 255)</arg>
<kw name="Get WebElement" library="SeleniumLibrary">
<var>${css}</var>
<arg>${locator}</arg>
<doc>Returns the first WebElement matching the given ``locator``.</doc>
<msg timestamp="20230512 16:37:47.645" level="INFO">${css} = &lt;selenium.webdriver.remote.webelement.WebElement (session="e8dd66572718c85225beb3658f91015f", element="36aa3954-d977-4278-b679-ad9d7412af21")&gt;</msg>
<status status="PASS" starttime="20230512 16:37:47.612" endtime="20230512 16:37:47.645"/>
</kw>
<kw name="Call Method" library="BuiltIn">
<var>${prop_val}</var>
<arg>${css}</arg>
<arg>value_of_css_property</arg>
<arg>${attribute name}</arg>
<doc>Calls the named method of the given object with the provided arguments.</doc>
<msg timestamp="20230512 16:37:47.657" level="INFO">${prop_val} = underline solid rgb(255, 255, 255)</msg>
<status status="PASS" starttime="20230512 16:37:47.645" endtime="20230512 16:37:47.657"/>
</kw>
<kw name="Should Be Equal As Strings" library="BuiltIn">
<arg>${prop_val}</arg>
<arg>${attribute_value}</arg>
<doc>Fails if objects are unequal after converting them to strings.</doc>
<status status="PASS" starttime="20230512 16:37:47.661" endtime="20230512 16:37:47.661"/>
</kw>
<status status="PASS" starttime="20230512 16:37:47.612" endtime="20230512 16:37:47.661"/>
</kw>
<status status="PASS" starttime="20230512 16:37:47.612" endtime="20230512 16:37:47.661"/>
</kw>
<status status="PASS" starttime="20230512 16:37:47.609" endtime="20230512 16:37:47.661"/>
</kw>
<kw name="Take Page Screenshot" library="Common">
<arg>Apps_MainPage</arg>
<kw name="Sleep" library="BuiltIn">
<arg>200ms</arg>
<doc>Pauses the test executed for the given time.</doc>
<msg timestamp="20230512 16:37:47.861" level="INFO">Slept 200 milliseconds</msg>
<status status="PASS" starttime="20230512 16:37:47.661" endtime="20230512 16:37:47.861"/>
</kw>
<kw name="Run Keyword And Continue On Failure" library="BuiltIn">
<arg>Capture Page Screenshot</arg>
<arg>${Sc_Name}.png</arg>
<doc>Runs the keyword and continues execution even if a failure occurs.</doc>
<kw name="Capture Page Screenshot" library="SeleniumLibrary">
<arg>${Sc_Name}.png</arg>
<doc>Takes a screenshot of the current page and embeds it into a log file.</doc>
<msg timestamp="20230512 16:37:48.232" level="INFO" html="true">&lt;/td&gt;&lt;/tr&gt;&lt;tr&gt;&lt;td colspan="3"&gt;&lt;a href="Apps/Apps_Screenshots/Apps_MainPage.png"&gt;&lt;img src="Apps/Apps_Screenshots/Apps_MainPage.png" width="800px"&gt;&lt;/a&gt;</msg>
<status status="PASS" starttime="20230512 16:37:47.861" endtime="20230512 16:37:48.232"/>
</kw>
<status status="PASS" starttime="20230512 16:37:47.861" endtime="20230512 16:37:48.232"/>
</kw>
<status status="PASS" starttime="20230512 16:37:47.661" endtime="20230512 16:37:48.232"/>
</kw>
<status status="PASS" starttime="20230512 16:37:44.215" endtime="20230512 16:37:48.232"/>
</kw>
<status status="PASS" starttime="20230512 16:37:44.214" endtime="20230512 16:37:48.232"/>
</kw>
<kw name="Verify and Validate JioNews app" library="Apps_page">
<kw name="JioNews App Tile UI/Content/Functional Verification and Redirection" library="Apps_Entertainment">
<kw name="Wait For And Click Element" library="Common">
<arg>xpath=(//ul[@class="react-multi-carousel-dot-list "]//li)[3]</arg>
<kw name="Wait Until Element Is Visible" library="SeleniumLibrary">
<arg>${locator}</arg>
<doc>Waits until the element ``locator`` is visible.</doc>
<status status="PASS" starttime="20230512 16:37:48.232" endtime="20230512 16:37:48.256"/>
</kw>
<try>
<branch type="TRY">
<kw name="Click Element" library="SeleniumLibrary">
<arg>${locator}</arg>
<doc>Click the element identified by ``locator``.</doc>
<msg timestamp="20230512 16:37:48.256" level="INFO">Clicking element 'xpath=(//ul[@class="react-multi-carousel-dot-list "]//li)[3]'.</msg>
<status status="PASS" starttime="20230512 16:37:48.256" endtime="20230512 16:37:48.320"/>
</kw>
<status status="PASS" starttime="20230512 16:37:48.256" endtime="20230512 16:37:48.320"/>
</branch>
<branch type="EXCEPT">
<kw name="Get WebElement" library="SeleniumLibrary">
<var>${ele}</var>
<arg>${locator}</arg>
<doc>Returns the first WebElement matching the given ``locator``.</doc>
<status status="NOT RUN" starttime="20230512 16:37:48.320" endtime="20230512 16:37:48.320"/>
</kw>
<kw name="Execute Javascript" library="SeleniumLibrary">
<arg>arguments[0].click();</arg>
<arg>ARGUMENTS</arg>
<arg>${ele}</arg>
<doc>Executes the given JavaScript code with possible arguments.</doc>
<status status="NOT RUN" starttime="20230512 16:37:48.320" endtime="20230512 16:37:48.320"/>
</kw>
<status status="NOT RUN" starttime="20230512 16:37:48.320" endtime="20230512 16:37:48.320"/>
</branch>
<status status="PASS" starttime="20230512 16:37:48.256" endtime="20230512 16:37:48.320"/>
</try>
<status status="PASS" starttime="20230512 16:37:48.232" endtime="20230512 16:37:48.320"/>
</kw>
<kw name="Decide Start and End" library="Common">
<var>${ROW}</var>
<arg>2</arg>
<arg>18</arg>
<arg>JioNews</arg>
<arg>Apps_Page</arg>
<for flavor="IN RANGE">
<var>${k}</var>
<value>${st}</value>
<value>${en}</value>
<iter>
<var name="${k}">2</var>
<kw name="Read Excel Cell" library="ExcelLibrary">
<var>${Page_Title}</var>
<arg>row_num=${k}</arg>
<arg>col_num=1</arg>
<arg>sheet_name=${Sheet_name}</arg>
<doc>Returns content of a cell.</doc>
<msg timestamp="20230512 16:37:48.320" level="INFO">${Page_Title} = MyJio</msg>
<status status="PASS" starttime="20230512 16:37:48.320" endtime="20230512 16:37:48.320"/>
</kw>
<kw name="Run Keyword And Return Status" library="BuiltIn">
<var>${status}</var>
<arg>Should Be Equal As Strings</arg>
<arg>${page_title}</arg>
<arg>${find-str}</arg>
<arg>strip_spaces=true</arg>
<doc>Runs the given keyword with given arguments and returns the status as a Boolean value.</doc>
<kw name="Should Be Equal As Strings" library="BuiltIn">
<arg>${page_title}</arg>
<arg>${find-str}</arg>
<arg>strip_spaces=true</arg>
<doc>Fails if objects are unequal after converting them to strings.</doc>
<msg timestamp="20230512 16:37:48.320" level="FAIL">MyJio != JioNews</msg>
<status status="FAIL" starttime="20230512 16:37:48.320" endtime="20230512 16:37:48.320"/>
</kw>
<msg timestamp="20230512 16:37:48.320" level="INFO">${status} = False</msg>
<status status="PASS" starttime="20230512 16:37:48.320" endtime="20230512 16:37:48.320"/>
</kw>
<if>
<branch type="IF" condition="${status}">
<break>
<status status="NOT RUN" starttime="20230512 16:37:48.320" endtime="20230512 16:37:48.320"/>
</break>
<status status="NOT RUN" starttime="20230512 16:37:48.320" endtime="20230512 16:37:48.320"/>
</branch>
<status status="PASS" starttime="20230512 16:37:48.320" endtime="20230512 16:37:48.320"/>
</if>
<status status="PASS" starttime="20230512 16:37:48.320" endtime="20230512 16:37:48.320"/>
</iter>
<iter>
<var name="${k}">3</var>
<kw name="Read Excel Cell" library="ExcelLibrary">
<var>${Page_Title}</var>
<arg>row_num=${k}</arg>
<arg>col_num=1</arg>
<arg>sheet_name=${Sheet_name}</arg>
<doc>Returns content of a cell.</doc>
<msg timestamp="20230512 16:37:48.320" level="INFO">${Page_Title} = JioTV</msg>
<status status="PASS" starttime="20230512 16:37:48.320" endtime="20230512 16:37:48.320"/>
</kw>
<kw name="Run Keyword And Return Status" library="BuiltIn">
<var>${status}</var>
<arg>Should Be Equal As Strings</arg>
<arg>${page_title}</arg>
<arg>${find-str}</arg>
<arg>strip_spaces=true</arg>
<doc>Runs the given keyword with given arguments and returns the status as a Boolean value.</doc>
<kw name="Should Be Equal As Strings" library="BuiltIn">
<arg>${page_title}</arg>
<arg>${find-str}</arg>
<arg>strip_spaces=true</arg>
<doc>Fails if objects are unequal after converting them to strings.</doc>
<msg timestamp="20230512 16:37:48.320" level="FAIL">JioTV != JioNews</msg>
<status status="FAIL" starttime="20230512 16:37:48.320" endtime="20230512 16:37:48.320"/>
</kw>
<msg timestamp="20230512 16:37:48.320" level="INFO">${status} = False</msg>
<status status="PASS" starttime="20230512 16:37:48.320" endtime="20230512 16:37:48.320"/>
</kw>
<if>
<branch type="IF" condition="${status}">
<break>
<status status="NOT RUN" starttime="20230512 16:37:48.320" endtime="20230512 16:37:48.320"/>
</break>
<status status="NOT RUN" starttime="20230512 16:37:48.320" endtime="20230512 16:37:48.320"/>
</branch>
<status status="PASS" starttime="20230512 16:37:48.320" endtime="20230512 16:37:48.320"/>
</if>
<status status="PASS" starttime="20230512 16:37:48.320" endtime="20230512 16:37:48.320"/>
</iter>
<iter>
<var name="${k}">4</var>
<kw name="Read Excel Cell" library="ExcelLibrary">
<var>${Page_Title}</var>
<arg>row_num=${k}</arg>
<arg>col_num=1</arg>
<arg>sheet_name=${Sheet_name}</arg>
<doc>Returns content of a cell.</doc>
<msg timestamp="20230512 16:37:48.328" level="INFO">${Page_Title} = JioCinema</msg>
<status status="PASS" starttime="20230512 16:37:48.320" endtime="20230512 16:37:48.328"/>
</kw>
<kw name="Run Keyword And Return Status" library="BuiltIn">
<var>${status}</var>
<arg>Should Be Equal As Strings</arg>
<arg>${page_title}</arg>
<arg>${find-str}</arg>
<arg>strip_spaces=true</arg>
<doc>Runs the given keyword with given arguments and returns the status as a Boolean value.</doc>
<kw name="Should Be Equal As Strings" library="BuiltIn">
<arg>${page_title}</arg>
<arg>${find-str}</arg>
<arg>strip_spaces=true</arg>
<doc>Fails if objects are unequal after converting them to strings.</doc>
<msg timestamp="20230512 16:37:48.328" level="FAIL">JioCinema != JioNews</msg>
<status status="FAIL" starttime="20230512 16:37:48.328" endtime="20230512 16:37:48.328"/>
</kw>
<msg timestamp="20230512 16:37:48.328" level="INFO">${status} = False</msg>
<status status="PASS" starttime="20230512 16:37:48.328" endtime="20230512 16:37:48.328"/>
</kw>
<if>
<branch type="IF" condition="${status}">
<break>
<status status="NOT RUN" starttime="20230512 16:37:48.328" endtime="20230512 16:37:48.328"/>
</break>
<status status="NOT RUN" starttime="20230512 16:37:48.328" endtime="20230512 16:37:48.328"/>
</branch>
<status status="PASS" starttime="20230512 16:37:48.328" endtime="20230512 16:37:48.328"/>
</if>
<status status="PASS" starttime="20230512 16:37:48.320" endtime="20230512 16:37:48.328"/>
</iter>
<iter>
<var name="${k}">5</var>
<kw name="Read Excel Cell" library="ExcelLibrary">
<var>${Page_Title}</var>
<arg>row_num=${k}</arg>
<arg>col_num=1</arg>
<arg>sheet_name=${Sheet_name}</arg>
<doc>Returns content of a cell.</doc>
<msg timestamp="20230512 16:37:48.328" level="INFO">${Page_Title} = JioGames</msg>
<status status="PASS" starttime="20230512 16:37:48.328" endtime="20230512 16:37:48.328"/>
</kw>
<kw name="Run Keyword And Return Status" library="BuiltIn">
<var>${status}</var>
<arg>Should Be Equal As Strings</arg>
<arg>${page_title}</arg>
<arg>${find-str}</arg>
<arg>strip_spaces=true</arg>
<doc>Runs the given keyword with given arguments and returns the status as a Boolean value.</doc>
<kw name="Should Be Equal As Strings" library="BuiltIn">
<arg>${page_title}</arg>
<arg>${find-str}</arg>
<arg>strip_spaces=true</arg>
<doc>Fails if objects are unequal after converting them to strings.</doc>
<msg timestamp="20230512 16:37:48.328" level="FAIL">JioGames != JioNews</msg>
<status status="FAIL" starttime="20230512 16:37:48.328" endtime="20230512 16:37:48.328"/>
</kw>
<msg timestamp="20230512 16:37:48.328" level="INFO">${status} = False</msg>
<status status="PASS" starttime="20230512 16:37:48.328" endtime="20230512 16:37:48.328"/>
</kw>
<if>
<branch type="IF" condition="${status}">
<break>
<status status="NOT RUN" starttime="20230512 16:37:48.328" endtime="20230512 16:37:48.328"/>
</break>
<status status="NOT RUN" starttime="20230512 16:37:48.328" endtime="20230512 16:37:48.328"/>
</branch>
<status status="PASS" starttime="20230512 16:37:48.328" endtime="20230512 16:37:48.328"/>
</if>
<status status="PASS" starttime="20230512 16:37:48.328" endtime="20230512 16:37:48.328"/>
</iter>
<iter>
<var name="${k}">6</var>
<kw name="Read Excel Cell" library="ExcelLibrary">
<var>${Page_Title}</var>
<arg>row_num=${k}</arg>
<arg>col_num=1</arg>
<arg>sheet_name=${Sheet_name}</arg>
<doc>Returns content of a cell.</doc>
<msg timestamp="20230512 16:37:48.328" level="INFO">${Page_Title} = JioSaavn</msg>
<status status="PASS" starttime="20230512 16:37:48.328" endtime="20230512 16:37:48.328"/>
</kw>
<kw name="Run Keyword And Return Status" library="BuiltIn">
<var>${status}</var>
<arg>Should Be Equal As Strings</arg>
<arg>${page_title}</arg>
<arg>${find-str}</arg>
<arg>strip_spaces=true</arg>
<doc>Runs the given keyword with given arguments and returns the status as a Boolean value.</doc>
<kw name="Should Be Equal As Strings" library="BuiltIn">
<arg>${page_title}</arg>
<arg>${find-str}</arg>
<arg>strip_spaces=true</arg>
<doc>Fails if objects are unequal after converting them to strings.</doc>
<msg timestamp="20230512 16:37:48.328" level="FAIL">JioSaavn != JioNews</msg>
<status status="FAIL" starttime="20230512 16:37:48.328" endtime="20230512 16:37:48.328"/>
</kw>
<msg timestamp="20230512 16:37:48.328" level="INFO">${status} = False</msg>
<status status="PASS" starttime="20230512 16:37:48.328" endtime="20230512 16:37:48.328"/>
</kw>
<if>
<branch type="IF" condition="${status}">
<break>
<status status="NOT RUN" starttime="20230512 16:37:48.328" endtime="20230512 16:37:48.328"/>
</break>
<status status="NOT RUN" starttime="20230512 16:37:48.328" endtime="20230512 16:37:48.328"/>
</branch>
<status status="PASS" starttime="20230512 16:37:48.328" endtime="20230512 16:37:48.328"/>
</if>
<status status="PASS" starttime="20230512 16:37:48.328" endtime="20230512 16:37:48.328"/>
</iter>
<iter>
<var name="${k}">7</var>
<kw name="Read Excel Cell" library="ExcelLibrary">
<var>${Page_Title}</var>
<arg>row_num=${k}</arg>
<arg>col_num=1</arg>
<arg>sheet_name=${Sheet_name}</arg>
<doc>Returns content of a cell.</doc>
<msg timestamp="20230512 16:37:48.328" level="INFO">${Page_Title} = JioNews</msg>
<status status="PASS" starttime="20230512 16:37:48.328" endtime="20230512 16:37:48.328"/>
</kw>
<kw name="Run Keyword And Return Status" library="BuiltIn">
<var>${status}</var>
<arg>Should Be Equal As Strings</arg>
<arg>${page_title}</arg>
<arg>${find-str}</arg>
<arg>strip_spaces=true</arg>
<doc>Runs the given keyword with given arguments and returns the status as a Boolean value.</doc>
<kw name="Should Be Equal As Strings" library="BuiltIn">
<arg>${page_title}</arg>
<arg>${find-str}</arg>
<arg>strip_spaces=true</arg>
<doc>Fails if objects are unequal after converting them to strings.</doc>
<status status="PASS" starttime="20230512 16:37:48.328" endtime="20230512 16:37:48.328"/>
</kw>
<msg timestamp="20230512 16:37:48.328" level="INFO">${status} = True</msg>
<status status="PASS" starttime="20230512 16:37:48.328" endtime="20230512 16:37:48.328"/>
</kw>
<if>
<branch type="IF" condition="${status}">
<break>
<status status="PASS" starttime="20230512 16:37:48.328" endtime="20230512 16:37:48.328"/>
</break>
<status status="PASS" starttime="20230512 16:37:48.328" endtime="20230512 16:37:48.328"/>
</branch>
<status status="PASS" starttime="20230512 16:37:48.328" endtime="20230512 16:37:48.328"/>
</if>
<status status="PASS" starttime="20230512 16:37:48.328" endtime="20230512 16:37:48.328"/>
</iter>
<status status="PASS" starttime="20230512 16:37:48.320" endtime="20230512 16:37:48.336"/>
</for>
<msg timestamp="20230512 16:37:48.336" level="INFO">${ROW} = 7</msg>
<status status="PASS" starttime="20230512 16:37:48.320" endtime="20230512 16:37:48.336"/>
</kw>
<kw name="Reading Data of Apps Page from Excel" library="Excel_Activity">
<arg>${ROW}</arg>
<kw name="Read Excel Cell" library="ExcelLibrary">
<var>${App_name}</var>
<arg>row_num=${ROW}</arg>
<arg>col_num=1</arg>
<arg>sheet_name=Apps_Page</arg>
<doc>Returns content of a cell.</doc>
<msg timestamp="20230512 16:37:48.336" level="INFO">${App_name} = JioNews</msg>
<status status="PASS" starttime="20230512 16:37:48.336" endtime="20230512 16:37:48.336"/>
</kw>
<kw name="Read Excel Cell" library="ExcelLibrary">
<var>${Subtitle}</var>
<arg>row_num=${ROW}</arg>
<arg>col_num=2</arg>
<arg>sheet_name=Apps_Page</arg>
<doc>Returns content of a cell.</doc>
<msg timestamp="20230512 16:37:48.336" level="INFO">${Subtitle} = Your news, your language</msg>
<status status="PASS" starttime="20230512 16:37:48.336" endtime="20230512 16:37:48.336"/>
</kw>
<kw name="Read Excel Cell" library="ExcelLibrary">
<var>${Button_2}</var>
<arg>row_num=${ROW}</arg>
<arg>col_num=3</arg>
<arg>sheet_name=Apps_Page</arg>
<doc>Returns content of a cell.</doc>
<msg timestamp="20230512 16:37:48.336" level="INFO">${Button_2} = Know more</msg>
<status status="PASS" starttime="20230512 16:37:48.336" endtime="20230512 16:37:48.336"/>
</kw>
<kw name="Read Excel Cell" library="ExcelLibrary">
<var>${TopText}</var>
<arg>row_num=${ROW}</arg>
<arg>col_num=4</arg>
<arg>sheet_name=Apps_Page</arg>
<doc>Returns content of a cell.</doc>
<msg timestamp="20230512 16:37:48.336" level="INFO">${TopText} = A newsstand with top publications</msg>
<status status="PASS" starttime="20230512 16:37:48.336" endtime="20230512 16:37:48.336"/>
</kw>
<kw name="Read Excel Cell" library="ExcelLibrary">
<var>${BottomText}</var>
<arg>row_num=${ROW}</arg>
<arg>col_num=5</arg>
<arg>sheet_name=Apps_Page</arg>
<doc>Returns content of a cell.</doc>
<msg timestamp="20230512 16:37:48.336" level="INFO">${BottomText} = News, views, or reviews, get updated on the go</msg>
<status status="PASS" starttime="20230512 16:37:48.336" endtime="20230512 16:37:48.336"/>
</kw>
<kw name="Read Excel Cell" library="ExcelLibrary">
<var>${Infographics}</var>
<arg>row_num=${ROW}</arg>
<arg>col_num=6</arg>
<arg>sheet_name=Apps_Page</arg>
<doc>Returns content of a cell.</doc>
<msg timestamp="20230512 16:37:48.336" level="INFO">${Infographics} = Never miss a thing!;Live TV on the go!;Start your mornings with us!;Read what you love;Photo gallery for you</msg>
<status status="PASS" starttime="20230512 16:37:48.336" endtime="20230512 16:37:48.336"/>
</kw>
<kw name="Read Excel Cell" library="ExcelLibrary">
<var>${InfoGraphicsLinks}</var>
<arg>row_num=${ROW}</arg>
<arg>col_num=7</arg>
<arg>sheet_name=Apps_Page</arg>
<doc>Returns content of a cell.</doc>
<msg timestamp="20230512 16:37:48.336" level="INFO">${InfoGraphicsLinks} = a</msg>
<status status="PASS" starttime="20230512 16:37:48.336" endtime="20230512 16:37:48.336"/>
</kw>
<kw name="Read Excel Cell" library="ExcelLibrary">
<var>${Infographics_caption}</var>
<arg>row_num=${ROW}</arg>
<arg>col_num=8</arg>
<arg>sheet_name=Apps_Page</arg>
<doc>Returns content of a cell.</doc>
<msg timestamp="20230512 16:37:48.336" level="INFO">${Infographics_caption} = a</msg>
<status status="PASS" starttime="20230512 16:37:48.336" endtime="20230512 16:37:48.336"/>
</kw>
<kw name="Read Excel Cell" library="ExcelLibrary">
<var>${Infographics_subtitle}</var>
<arg>row_num=${ROW}</arg>
<arg>col_num=9</arg>
<arg>sheet_name=Apps_Page</arg>
<doc>Returns content of a cell.</doc>
<msg timestamp="20230512 16:37:48.336" level="INFO">${Infographics_subtitle} = Breaking News across Politics, Sports, Business, Lifestyle, Entertainment &amp; More;Watch 190+ Live news channels in your language;Read the daily issue of your favorite national or regional newspapers;La...</msg>
<status status="PASS" starttime="20230512 16:37:48.336" endtime="20230512 16:37:48.336"/>
</kw>
<kw name="Read Excel Cell" library="ExcelLibrary">
<var>${Infographics_URL}</var>
<arg>row_num=${ROW}</arg>
<arg>col_num=10</arg>
<arg>sheet_name=Apps_Page</arg>
<doc>Returns content of a cell.</doc>
<msg timestamp="20230512 16:37:48.336" level="INFO">${Infographics_URL} = a</msg>
<status status="PASS" starttime="20230512 16:37:48.336" endtime="20230512 16:37:48.336"/>
</kw>
<kw name="Read Excel Cell" library="ExcelLibrary">
<var>${Infographics_button}</var>
<arg>row_num=${ROW}</arg>
<arg>col_num=11</arg>
<arg>sheet_name=Apps_Page</arg>
<doc>Returns content of a cell.</doc>
<msg timestamp="20230512 16:37:48.336" level="INFO">${Infographics_button} = a</msg>
<status status="PASS" starttime="20230512 16:37:48.336" endtime="20230512 16:37:48.336"/>
</kw>
<kw name="Read Excel Cell" library="ExcelLibrary">
<var>${POPUP_URL}</var>
<arg>row_num=${ROW}</arg>
<arg>col_num=12</arg>
<arg>sheet_name=Apps_Page</arg>
<doc>Returns content of a cell.</doc>
<msg timestamp="20230512 16:37:48.336" level="INFO">${POPUP_URL} = https://play.google.com/store/apps/details?id=com.jio.media.jioxpressnews;https://apps.apple.com/in/app/jionews/id1067320076;https://jionews.com/?utm_source=Jio.com&amp;utm_medium=jionews_page&amp;utm_campaig...</msg>
<status status="PASS" starttime="20230512 16:37:48.336" endtime="20230512 16:37:48.336"/>
</kw>
<kw name="Read Excel Cell" library="ExcelLibrary">
<var>${Category}</var>
<arg>row_num=${ROW}</arg>
<arg>col_num=13</arg>
<arg>sheet_name=Apps_Page</arg>
<doc>Returns content of a cell.</doc>
<msg timestamp="20230512 16:37:48.336" level="INFO">${Category} = Entertainment</msg>
<status status="PASS" starttime="20230512 16:37:48.336" endtime="20230512 16:37:48.336"/>
</kw>
<kw name="Read Excel Cell" library="ExcelLibrary">
<var>${App_URL}</var>
<arg>row_num=${ROW}</arg>
<arg>col_num=14</arg>
<arg>sheet_name=Apps_Page</arg>
<doc>Returns content of a cell.</doc>
<msg timestamp="20230512 16:37:48.336" level="INFO">${App_URL} = https://www.jio.com/jcms/apps/jionews/</msg>
<status status="PASS" starttime="20230512 16:37:48.336" endtime="20230512 16:37:48.336"/>
</kw>
<kw name="Read Excel Cell" library="ExcelLibrary">
<var>${Smart_Features}</var>
<arg>row_num=${ROW}</arg>
<arg>col_num=15</arg>
<arg>sheet_name=Apps_Page</arg>
<doc>Returns content of a cell.</doc>
<msg timestamp="20230512 16:37:48.336" level="INFO">${Smart_Features} = a</msg>
<status status="PASS" starttime="20230512 16:37:48.336" endtime="20230512 16:37:48.336"/>
</kw>
<kw name="Read Excel Cell" library="ExcelLibrary">
<var>${FAQ_URL}</var>
<arg>row_num=${ROW}</arg>
<arg>col_num=16</arg>
<arg>sheet_name=Apps_Page</arg>
<doc>Returns content of a cell.</doc>
<msg timestamp="20230512 16:37:48.336" level="INFO">${FAQ_URL} = https://jionews.com/;https://play.google.com/store/apps/details?id=com.jio.media.jioxpressnews&amp;referrer=utm_source%3DJio.com&amp;utm_medium%3Djionews_page&amp;utm_campaign%3Dlaunchpage;https://apps.apple.com/...</msg>
<status status="PASS" starttime="20230512 16:37:48.336" endtime="20230512 16:37:48.336"/>
</kw>
<kw name="Read Excel Cell" library="ExcelLibrary">
<var>${JPL_Steps}</var>
<arg>row_num=${ROW}</arg>
<arg>col_num=17</arg>
<arg>sheet_name=Apps_Page</arg>
<doc>Returns content of a cell.</doc>
<msg timestamp="20230512 16:37:48.344" level="INFO">${JPL_Steps} = None</msg>
<status status="PASS" starttime="20230512 16:37:48.344" endtime="20230512 16:37:48.344"/>
</kw>
<kw name="Split String" library="String">
<var>${Infographics}</var>
<arg>${Infographics}</arg>
<arg>;</arg>
<doc>Splits the ``string`` using ``separator`` as a delimiter string.</doc>
<msg timestamp="20230512 16:37:48.344" level="INFO">${Infographics} = ['Never miss a thing!', 'Live TV on the go!', 'Start your mornings with us!', 'Read what you love', 'Photo gallery for you']</msg>
<status status="PASS" starttime="20230512 16:37:48.344" endtime="20230512 16:37:48.344"/>
</kw>
<kw name="Split String" library="String">
<var>${Infographics_subtitle}</var>
<arg>${Infographics_subtitle}</arg>
<arg>;</arg>
<doc>Splits the ``string`` using ``separator`` as a delimiter string.</doc>
<msg timestamp="20230512 16:37:48.344" level="INFO">${Infographics_subtitle} = ['Breaking News across Politics, Sports, Business, Lifestyle, Entertainment &amp; More', 'Watch 190+ Live news channels in your language', 'Read the daily issue of your favorite national or regional newsp...</msg>
<status status="PASS" starttime="20230512 16:37:48.344" endtime="20230512 16:37:48.344"/>
</kw>
<kw name="Split String" library="String">
<var>${Infographics_caption}</var>
<arg>${Infographics_caption}</arg>
<arg>;</arg>
<doc>Splits the ``string`` using ``separator`` as a delimiter string.</doc>
<msg timestamp="20230512 16:37:48.344" level="INFO">${Infographics_caption} = ['a']</msg>
<status status="PASS" starttime="20230512 16:37:48.344" endtime="20230512 16:37:48.344"/>
</kw>
<kw name="Split String" library="String">
<var>${Infographics_button}</var>
<arg>${Infographics_button}</arg>
<arg>;</arg>
<doc>Splits the ``string`` using ``separator`` as a delimiter string.</doc>
<msg timestamp="20230512 16:37:48.344" level="INFO">${Infographics_button} = ['a']</msg>
<status status="PASS" starttime="20230512 16:37:48.344" endtime="20230512 16:37:48.344"/>
</kw>
<kw name="Split String" library="String">
<var>${Smart_Features}</var>
<arg>${Smart_Features}</arg>
<arg>;</arg>
<doc>Splits the ``string`` using ``separator`` as a delimiter string.</doc>
<msg timestamp="20230512 16:37:48.344" level="INFO">${Smart_Features} = ['a']</msg>
<status status="PASS" starttime="20230512 16:37:48.344" endtime="20230512 16:37:48.344"/>
</kw>
<kw name="Split String" library="String">
<var>${FAQ_URL}</var>
<arg>${FAQ_URL}</arg>
<arg>;</arg>
<doc>Splits the ``string`` using ``separator`` as a delimiter string.</doc>
<msg timestamp="20230512 16:37:48.344" level="INFO">${FAQ_URL} = ['https://jionews.com/', 'https://play.google.com/store/apps/details?id=com.jio.media.jioxpressnews&amp;referrer=utm_source%3DJio.com&amp;utm_medium%3Djionews_page&amp;utm_campaign%3Dlaunchpage', 'https://apps.ap...</msg>
<status status="PASS" starttime="20230512 16:37:48.344" endtime="20230512 16:37:48.344"/>
</kw>
<kw name="Split String" library="String">
<var>${POPUP_URL}</var>
<arg>${POPUP_URL}</arg>
<arg>;</arg>
<doc>Splits the ``string`` using ``separator`` as a delimiter string.</doc>
<msg timestamp="20230512 16:37:48.344" level="INFO">${POPUP_URL} = ['https://play.google.com/store/apps/details?id=com.jio.media.jioxpressnews', 'https://apps.apple.com/in/app/jionews/id1067320076', 'https://jionews.com/?utm_source=Jio.com&amp;utm_medium=jionews_page&amp;utm...</msg>
<status status="PASS" starttime="20230512 16:37:48.344" endtime="20230512 16:37:48.344"/>
</kw>
<kw name="Set Global Variable" library="BuiltIn">
<arg>${App_name}</arg>
<arg>${App_name}</arg>
<doc>Makes a variable available globally in all tests and suites.</doc>
<msg timestamp="20230512 16:37:48.344" level="INFO">${App_name} = JioNews</msg>
<status status="PASS" starttime="20230512 16:37:48.344" endtime="20230512 16:37:48.344"/>
</kw>
<kw name="Set Global Variable" library="BuiltIn">
<arg>${Subtitle}</arg>
<arg>${Subtitle}</arg>
<doc>Makes a variable available globally in all tests and suites.</doc>
<msg timestamp="20230512 16:37:48.344" level="INFO">${Subtitle} = Your news, your language</msg>
<status status="PASS" starttime="20230512 16:37:48.344" endtime="20230512 16:37:48.344"/>
</kw>
<kw name="Set Global Variable" library="BuiltIn">
<arg>${Button_2}</arg>
<arg>${Button_2}</arg>
<doc>Makes a variable available globally in all tests and suites.</doc>
<msg timestamp="20230512 16:37:48.344" level="INFO">${Button_2} = Know more</msg>
<status status="PASS" starttime="20230512 16:37:48.344" endtime="20230512 16:37:48.344"/>
</kw>
<kw name="Set Global Variable" library="BuiltIn">
<arg>${TopText}</arg>
<arg>${TopText}</arg>
<doc>Makes a variable available globally in all tests and suites.</doc>
<msg timestamp="20230512 16:37:48.344" level="INFO">${TopText} = A newsstand with top publications</msg>
<status status="PASS" starttime="20230512 16:37:48.344" endtime="20230512 16:37:48.344"/>
</kw>
<kw name="Set Global Variable" library="BuiltIn">
<arg>${BottomText}</arg>
<arg>${BottomText}</arg>
<doc>Makes a variable available globally in all tests and suites.</doc>
<msg timestamp="20230512 16:37:48.344" level="INFO">${BottomText} = News, views, or reviews, get updated on the go</msg>
<status status="PASS" starttime="20230512 16:37:48.344" endtime="20230512 16:37:48.344"/>
</kw>
<kw name="Set Global Variable" library="BuiltIn">
<arg>${Infographics}</arg>
<arg>${Infographics}</arg>
<doc>Makes a variable available globally in all tests and suites.</doc>
<msg timestamp="20230512 16:37:48.344" level="INFO">${Infographics} = ['Never miss a thing!', 'Live TV on the go!', 'Start your mornings with us!', 'Read what you love', 'Photo gallery for you']</msg>
<status status="PASS" starttime="20230512 16:37:48.344" endtime="20230512 16:37:48.344"/>
</kw>
<kw name="Set Global Variable" library="BuiltIn">
<arg>${InfoGraphicsLinks}</arg>
<arg>${InfoGraphicsLinks}</arg>
<doc>Makes a variable available globally in all tests and suites.</doc>
<msg timestamp="20230512 16:37:48.344" level="INFO">${InfoGraphicsLinks} = a</msg>
<status status="PASS" starttime="20230512 16:37:48.344" endtime="20230512 16:37:48.344"/>
</kw>
<kw name="Set Global Variable" library="BuiltIn">
<arg>${Infographics_caption}</arg>
<arg>${Infographics_caption}</arg>
<doc>Makes a variable available globally in all tests and suites.</doc>
<msg timestamp="20230512 16:37:48.344" level="INFO">${Infographics_caption} = ['a']</msg>
<status status="PASS" starttime="20230512 16:37:48.344" endtime="20230512 16:37:48.344"/>
</kw>
<kw name="Set Global Variable" library="BuiltIn">
<arg>${Infographics_subtitle}</arg>
<arg>${Infographics_subtitle}</arg>
<doc>Makes a variable available globally in all tests and suites.</doc>
<msg timestamp="20230512 16:37:48.344" level="INFO">${Infographics_subtitle} = ['Breaking News across Politics, Sports, Business, Lifestyle, Entertainment &amp; More', 'Watch 190+ Live news channels in your language', 'Read the daily issue of your favorite national or regional newsp...</msg>
<status status="PASS" starttime="20230512 16:37:48.344" endtime="20230512 16:37:48.344"/>
</kw>
<kw name="Set Global Variable" library="BuiltIn">
<arg>${Infographics_URL}</arg>
<arg>${Infographics_URL}</arg>
<doc>Makes a variable available globally in all tests and suites.</doc>
<msg timestamp="20230512 16:37:48.344" level="INFO">${Infographics_URL} = a</msg>
<status status="PASS" starttime="20230512 16:37:48.344" endtime="20230512 16:37:48.344"/>
</kw>
<kw name="Set Global Variable" library="BuiltIn">
<arg>${Infographics_button}</arg>
<arg>${Infographics_button}</arg>
<doc>Makes a variable available globally in all tests and suites.</doc>
<msg timestamp="20230512 16:37:48.344" level="INFO">${Infographics_button} = ['a']</msg>
<status status="PASS" starttime="20230512 16:37:48.344" endtime="20230512 16:37:48.344"/>
</kw>
<kw name="Set Global Variable" library="BuiltIn">
<arg>${POPUP_URL}</arg>
<arg>${POPUP_URL}</arg>
<doc>Makes a variable available globally in all tests and suites.</doc>
<msg timestamp="20230512 16:37:48.344" level="INFO">${POPUP_URL} = ['https://play.google.com/store/apps/details?id=com.jio.media.jioxpressnews', 'https://apps.apple.com/in/app/jionews/id1067320076', 'https://jionews.com/?utm_source=Jio.com&amp;utm_medium=jionews_page&amp;utm...</msg>
<status status="PASS" starttime="20230512 16:37:48.344" endtime="20230512 16:37:48.344"/>
</kw>
<kw name="Set Global Variable" library="BuiltIn">
<arg>${Category}</arg>
<arg>${Category}</arg>
<doc>Makes a variable available globally in all tests and suites.</doc>
<msg timestamp="20230512 16:37:48.344" level="INFO">${Category} = Entertainment</msg>
<status status="PASS" starttime="20230512 16:37:48.344" endtime="20230512 16:37:48.344"/>
</kw>
<kw name="Set Global Variable" library="BuiltIn">
<arg>${App_URL}</arg>
<arg>${App_URL}</arg>
<doc>Makes a variable available globally in all tests and suites.</doc>
<msg timestamp="20230512 16:37:48.352" level="INFO">${App_URL} = https://www.jio.com/jcms/apps/jionews/</msg>
<status status="PASS" starttime="20230512 16:37:48.344" endtime="20230512 16:37:48.352"/>
</kw>
<kw name="Set Global Variable" library="BuiltIn">
<arg>${Smart_Features}</arg>
<arg>${Smart_Features}</arg>
<doc>Makes a variable available globally in all tests and suites.</doc>
<msg timestamp="20230512 16:37:48.352" level="INFO">${Smart_Features} = ['a']</msg>
<status status="PASS" starttime="20230512 16:37:48.352" endtime="20230512 16:37:48.352"/>
</kw>
<kw name="Set Global Variable" library="BuiltIn">
<arg>${FAQ_URL}</arg>
<arg>${FAQ_URL}</arg>
<doc>Makes a variable available globally in all tests and suites.</doc>
<msg timestamp="20230512 16:37:48.352" level="INFO">${FAQ_URL} = ['https://jionews.com/', 'https://play.google.com/store/apps/details?id=com.jio.media.jioxpressnews&amp;referrer=utm_source%3DJio.com&amp;utm_medium%3Djionews_page&amp;utm_campaign%3Dlaunchpage', 'https://apps.ap...</msg>
<status status="PASS" starttime="20230512 16:37:48.352" endtime="20230512 16:37:48.352"/>
</kw>
<kw name="Set Global Variable" library="BuiltIn">
<arg>${JPL_Steps}</arg>
<arg>${JPL_Steps}</arg>
<doc>Makes a variable available globally in all tests and suites.</doc>
<msg timestamp="20230512 16:37:48.352" level="INFO">${JPL_Steps} = None</msg>
<status status="PASS" starttime="20230512 16:37:48.352" endtime="20230512 16:37:48.352"/>
</kw>
<kw name="Set Screenshot Directory" library="SeleniumLibrary">
<arg>./Results/Apps/Apps_Screenshots/${App_name}</arg>
<doc>Sets the directory for captured screenshots.</doc>
<status status="PASS" starttime="20230512 16:37:48.352" endtime="20230512 16:37:48.352"/>
</kw>
<status status="PASS" starttime="20230512 16:37:48.336" endtime="20230512 16:37:48.352"/>
</kw>
<kw name="Tile Verification" library="Local_Keywords">
<if>
<branch type="IF" condition="&quot;${App_name}&quot; == &quot;MyJio&quot;">
<kw name="Image Verification" library="Common">
<arg>xpath=//section[@class="css-1b1uwmf j-container l-layout--max-width"]//section[@class="j-container l-layout--flex"]//img</arg>
<status status="NOT RUN" starttime="20230512 16:37:48.352" endtime="20230512 16:37:48.352"/>
</kw>
<kw name="Image Verification" library="Common">
<arg>xpath=//section[@class="css-1b1uwmf j-container l-layout--max-width"]//div[@class="j-listBlock__prefix"]//img</arg>
<status status="NOT RUN" starttime="20230512 16:37:48.352" endtime="20230512 16:37:48.352"/>
</kw>
<kw name="Text Verification" library="Common">
<arg>xpath=//div[@class="j-contentBlock__title"]//h3</arg>
<arg>Here's how India got a first taste of a super app</arg>
<status status="NOT RUN" starttime="20230512 16:37:48.352" endtime="20230512 16:37:48.352"/>
</kw>
<kw name="Text Verification" library="Common">
<arg>xpath=//h6[normalize-space()='${App_name}']</arg>
<arg>${App_name}</arg>
<status status="NOT RUN" starttime="20230512 16:37:48.352" endtime="20230512 16:37:48.352"/>
</kw>
<kw name="Text Verification" library="Common">
<arg>xpath=//section[@class="css-1b1uwmf j-container l-layout--max-width"]//div[@class="j-contentBlock__description"]</arg>
<arg>${Subtitle}</arg>
<status status="NOT RUN" starttime="20230512 16:37:48.352" endtime="20230512 16:37:48.352"/>
</kw>
<kw name="Text Verification" library="Common">
<arg>xpath=//h6[normalize-space()='${App_name}']</arg>
<arg>${App_name}</arg>
<status status="NOT RUN" starttime="20230512 16:37:48.352" endtime="20230512 16:37:48.352"/>
</kw>
<kw name="Text Verification" library="Common">
<arg>xpath=//section[@class="css-1b1uwmf j-container l-layout--max-width"]//div[@class="j-button-group"]//button[1]</arg>
<arg>Get Now</arg>
<status status="NOT RUN" starttime="20230512 16:37:48.352" endtime="20230512 16:37:48.352"/>
</kw>
<kw name="Text Verification" library="Common">
<arg>xpath=//section[@class="css-1b1uwmf j-container l-layout--max-width"]//div[@class="j-button-group"]//button[2]</arg>
<arg>${Button_2}</arg>
<status status="NOT RUN" starttime="20230512 16:37:48.352" endtime="20230512 16:37:48.352"/>
</kw>
<status status="NOT RUN" starttime="20230512 16:37:48.352" endtime="20230512 16:37:48.352"/>
</branch>
<branch type="ELSE">
<kw name="Image Verification" library="Common">
<arg>xpath=//div[@aria-label="${App_name}"]//div[@class="j-card__image ratio-wide"]//img</arg>
<kw name="Wait Until Element Is Visible" library="SeleniumLibrary">
<arg>${locator}</arg>
<doc>Waits until the element ``locator`` is visible.</doc>
<status status="PASS" starttime="20230512 16:37:48.352" endtime="20230512 16:37:48.829"/>
</kw>
<kw name="Page Should Contain Image" library="SeleniumLibrary">
<arg>${locator}</arg>
<doc>Verifies image identified by ``locator`` is found from current page.</doc>
<msg timestamp="20230512 16:37:48.851" level="INFO">Current page contains image 'xpath=//div[@aria-label="JioNews"]//div[@class="j-card__image ratio-wide"]//img'.</msg>
<status status="PASS" starttime="20230512 16:37:48.829" endtime="20230512 16:37:48.851"/>
</kw>
<kw name="Get Element Attribute" library="SeleniumLibrary">
<var>${img src}</var>
<arg>${locator}</arg>
<arg>src</arg>
<doc>Returns the value of ``attribute`` from the element ``locator``.</doc>
<msg timestamp="20230512 16:37:48.883" level="INFO">${img src} = https://jep-asset.akamaized.net/cms/assets/jioapps/jionews/JioNews-cover-image.png</msg>
<status status="PASS" starttime="20230512 16:37:48.851" endtime="20230512 16:37:48.883"/>
</kw>
<kw name="Create Session" library="RequestsLibrary">
<arg>img</arg>
<arg>${img src}</arg>
<doc>Create Session: create a HTTP session to a server</doc>
<msg timestamp="20230512 16:37:48.883" level="INFO">Creating Session using : alias=img, url=https://jep-asset.akamaized.net/cms/assets/jioapps/jionews/JioNews-cover-image.png, headers={},                     cookies={}, auth=None, timeout=None, proxies=None, verify=False,                     debug=0 </msg>
<status status="PASS" starttime="20230512 16:37:48.883" endtime="20230512 16:37:48.883"/>
</kw>
<kw name="GET On Session" library="RequestsLibrary">
<var>${resp_google}</var>
<arg>img</arg>
<arg>${img src}</arg>
<arg>expected_status=200</arg>
<doc>Sends a GET request on a previously created HTTP Session.</doc>
<msg timestamp="20230512 16:37:49.192" level="INFO">GET Request : url=https://jep-asset.akamaized.net/cms/assets/jioapps/jionews/JioNews-cover-image.png 
 path_url=/cms/assets/jioapps/jionews/JioNews-cover-image.png 
 headers={'User-Agent': 'python-requests/2.28.1', 'Accept-Encoding': 'gzip, deflate', 'Accept': '*/*', 'Connection': 'keep-alive'} 
 body=None 
 </msg>
<msg timestamp="20230512 16:37:49.762" level="INFO">GET Response : url=https://jep-asset.akamaized.net/cms/assets/jioapps/jionews/JioNews-cover-image.png 
 status=200, reason=OK 
 headers={'x-amz-id-2': 'UFGk8UzL7Irqqr3C2kWuenyP8zEqn/IyzGDSkHHF5bYqW9KTkBW41OMmtWckKE6frQs/vfqG0H0=', 'x-amz-request-id': '95YYVRHVVGHT70BN', 'Last-Modified': 'Wed, 12 Oct 2022 16:59:16 GMT', 'ETag': '"27ec75dace6516ccf09fd070ffc579f0"', 'x-amz-version-id': 'E4CVeUOxwNIH8uCcLoB7Q3O_ccGioKl5', 'Accept-Ranges': 'bytes', 'Content-Type': 'image/png', 'Server': 'AmazonS3', 'Content-Length': '92836', 'Date': 'Fri, 12 May 2023 11:07:49 GMT', 'Connection': 'keep-alive', 'Alt-Svc': 'h3-Q050=":443"; ma=93600,quic=":443"; ma=93600; v="46,43"', 'Cache-Control': 'max-age=8640000', 'Access-Control-Max-Age': '864000', 'Access-Control-Allow-Credentials': 'false', 'Access-Control-Allow-Headers': '*', 'Access-Control-Allow-Methods': 'GET,POST', 'Access-Control-Allow-Origin': '*'} 
 body=�PNG

IHDR���PE�	pHYs.#.#x�?vjVIDATx���y�}�U�~G͹���9�IBA�$t!Di����E�}����yxE���A  @�@BH�s���sί9�v7k����V��p������sլ5j��5jT]��2�b��O�Df��;�o�u؇��﹞�F��!J���N��D��Z���.��3�۠��'G�u��M��C����ji�_���P���q��f` ��gSݥ�T�O��M��a�&lt;�L�ʌ:3�^���p�;%�	!��u��B�N?`m@`�K
-Y1�(o�&gt;+���J?	�P!��X�D(��@�B�mL(Z��B����'R%1�P"�U�!z�/�֡��u"O؀��%��F3�`TU�u

�� �VT&amp;����M��RWr��U��*�,�Q��dy������VPuܒ�L��� J�+�T�cy©~"`�_�&gt;��1l.��B�@4�Ԕ�Y@&amp;��U��"p�����S���MLi�ۤ��̨:�V��_�}Ψ��5����PfE�^��{r����SWG���)Z큼��7�������iz�F[�T�Ն8��~��6��Ebr/��}/�w���d�l�K�7���~*?9��w��ћ/koX���H��Z�8�,�Z��ä�'�fCyX� r�ĩ#��e`�}ҟ1(��˳J5�D�妷�FKvB���j�^�ayuW��2P��	:~3EYYK_���v8v��ܳi��e�v-P|�������]~�|ߨ�,��
�DȞ��}��O����f�p��i��r��Z� ��}P��EN��)����	�uZ|pfD]�Zv�\��&amp;TbԾͻ�R굀UН��Q�$,��(%mJac��	����P���S�Շ0�L_X&lt;��$���Sc��^�}�hsb��P��������F�&lt;SGϤ��X��)1ysȸu���&gt;հ��@�I)cU�C�KR0'�Aih��	�����	@�l�2�����򭀌Q,�"ޢ�K�	U�xQpK��F�H��xƀgu&amp;E)�b�t2�L"�y0�'O &amp;�]&gt;�����6��'}&gt;��)Q��E�M�U$h��$.(U�����0����M�3˽t��p8�*�̌��eƪ4&amp;`���Ͻ:aݘ�'�Jo4`M�k&gt;��K-�8���ĭ�3��\���r�j�i0� 	x�;܀u���-O�`�F�3�bK�b;o&lt;��m��s�y����[�����^j�vҩeT؇3�4�uj�gB��IG���eO�TL�a��@��@=�l�:!2.8M�-*0���aԬ��V��w-$$��g�O\�b"�Jb���RE��(T��3o�XVPQ���]��PY�� �5 �g��_��x�I�5�Y����P2Ԩ�E9s�7&amp;��C媜U&gt;eU5e �޲q#7�H�HL`����E�h�2��^4|��z�n�F����WT���*iI�6)�nu�i6T��L�&gt;�uq��[i"򘔃|?��gS���y���"�WIgZ�$��
��\.�7�zuz����^H�M���6�L]����pzx�5���n\7�"�J���۩(�4��h��n���xZlڍ��3�?�4}�1Գ%{S%jyAڶ�d3dQ�v2�c���z�Va�)�d�s!`\9�+Z^�ջמ!��r����z	UWd�Hឯ�&gt;W�p�PT�nƀ͛u�`���s˚�/�Z����k��B�i����}8��U��b��Cb�X%��I�Y�$[Ԏ���R��:�0�Uv��A�$l�
��Ʃ��F$&gt;Z�;�_�CE�%w&lt;�QS�lz')[d���OCŪU�_��@�Ꙕ�9��u4b�������{�����/ `M�h���Y�K��̶�Y�����a��"�ϩkR��m,R�W堧_�@ez��q
0E���:z�`WB(Т����x(�����:�"�'[��(%Fpԝk��-���9�D��wu;X���3p!L�!G�u�z�U'k%T�u���QF���Q��Ί��ѓ84P0о�*�a�~U����DgI����!�pHe�YD�����o!
F��b�Ƨ�m�MKD0�1�%Ac�B��x}�S֊���aB-��tB��:�g����&gt;��
y2�2�g}���"3�zI�u���S[`D�u:�n�g��[�.�)�N�L)19�31�6̳Snayڿ��nA��fgn�'��
U���j=Y3A�ɐz�!�Ӡy�a�/=���H�^&lt;���	C���l�᪼(nS����eO���cg��X��:(���l�eGeޞ�!t��(������1�%��f$۱p̀l�	5����(Y8��AUb��hW��0
-\d"��Q	c`�6�g�%&amp;U�UM�
���R!'^M�M�Hǀ�|�����R�Z����9�FDbHA�X���C!5��)��?FK_}:���ƃj՘��7·��f\.\��&amp;�(&gt;&gt;�~֏�?guf�Z�Iu��X��H�y�9��~&amp;���Φ��@!� m�ߵ���b���#�l�1�RFD���YM"K��0��!y��EȀ��&lt;���=��G.��_���&lt;#if�|g�m���MPK�����lܻ��R;���k��� �b���Z���]�h׾��:�9����3J&lt;�n�~�7���;Ϣ ���D��52@�Q%H�2+�`���"�0�z�6�gl޾��e��|�TqcXD��D�M��@_����CPe�{]5Y`[p'�,'���f��q��
�	Uǹ���4$�o�(��,�f6��f�Xk���Ü�XHA��������
����l#��VW��0���B�V���:��:f4����nDx�Ik��ƀ'ƚa �@�7	;ͩ���a�T�@$��������;��i��ߴ�Jf�P3���4��P��#�!cG�����s� f��� ��W3��`���͚In~l|�7���R,vv_�ۤ -�W%����5�2P�-���[��f��i�aZl�3R��bTl���	��t�7��&gt;�����$F)֋��T=6^��&amp;@�(I]:��|�&amp;M0^%��6@�{Yie��s�/z�,��In9��q�k��J��a��!m�;��΀��X�N�7��� J��XD�V��˳��m��3��,}Ig�F���K�Y)W����ZN��t%R��fvC�[���Q���ܬ�"��׏Y����s�A��JR6J�^ެrSޒ1��k��3��l,&lt;r��婕ߙ��Kr@-�Vy�nK���f~�~?-7��Va!TN�5�2�p�da7i�	\��G������GC"�i��b$\ڄ�̧��4c)d9z�{��g��� ����� ���_SH}E����f��!�O�H�F8�{��Z!5�S �٧鶭)�A&amp;&amp;鴡/@g�̍��!I~N�=&amp;.��$�~3�&lt;����89&lt;yD����N�6}�9����JN�������(�Ưǂ^���w��?��DC�aH^���c!�w\
"G^�6ꓘ&gt;І��֏�#ko��&amp;J����y
��"�+ї�a��vI�E��:���9�}1�ch�"��7��ꓮ�}��;��O���Q�K����&amp;���Bo���0�4�d� ���VG}�z��ԀXH��00�4iiG&lt;Y���i&amp;̕�X30�h��\���e�X���:�f9���5�X7�J�M+�!e,���u[�F�ٙw9y�0��δ�B�)q�7(x�"5hZu��d�E�/�^�R;�PY	:�l~���o��t9�[�aHS�D��`n㓕&amp;gH�͆����C�C9��(7�ӪȠ��@(B�93P$�Ah�8��eԹ��~PlY'{_�w6(&gt;��O�Xt�H�y��}����&gt;oE�@�5S�~p6ߙ�9�W�B�R�hc�y�d�)����6���T��o'
I��?���8c�s�A��FA�{�:�U�T)/�-M��w��v�i	K6�}_��]���JI�[Kf��&amp;0�'������)�{�3��;�O�`�2�-+�6�M�?gPs����V�ʥϫ�UcP�-�����`��o��1DִM
��Y��y�l$�n̈b&lt;r�kU�(uS��&gt;���t2��.�I޼����f��[_,,�ll`��!���P���B)6��u�O��t6�q�fڛy��C:��&gt;�S,{��\�R�TkS�&amp;0�щ
Q���ea�ȟߥ��Q����FPaƱ�0H����3�T�����9w�R�b���'���7����WW���p? �F#�3ף^�&lt;
��i_�����Μ"�S��0����^2܂뚚���R�(Yw�*��X�M���&gt;RH���WGq $��6fzd&lt;J
D@�\�lݝ�����5eG4�'3�U~�肽�揄T�6�N���&gt;�D��E
d���F�\Yg�x����2���Mˆ�� ~h%S��w��K�ʦ�gm�oR���iV��lp,��R�ɤ�E��	�0��O��o�ϚR'��G���^�8���h�3kMR;��z��N����"N�輚�n�;�qC��ހ�C(uuܽ3�n��{Gk�jn\�%�9 �;���PFF�f_l}lS���URs"�`�2�J�g.~4
WD8�
��j5~��L���#�.ф�Ƹ��1*��;y�_6�bn`c.�PRϱ�U ���6s&amp;#A�k�N˸w"�Œ����&gt;��`�Xp8�Mhad
ˬ2�J���t��7�@���яT?%�ʵ��l_�-V'�x�1k4%�s��4�Bh���dX�'9=V����-�!u"Ӎyc�2�5��Pza6�	K)m�G9��^@z�U*�f���=6��y����7FV�����67sc}n���d����Ze�}5p���bﰎ���o���M��h�o4Rk"�C$3�X%���g����²VF��;�&amp;4�`@����gu��C5j�{�D��J�+4���7�y&lt;��
�ɵ��C3�lz;�(���3/F��|q��|�]F$\�&lt;�7&gt;��:R�����c��ekJ(r��Վ������P�2��b2.�q#�����;�v�!�;�z�uL2�5&gt;1����K��K�S�a1��|}��=!/Uʉ!��2(@|#~�a���
q10e�=H5���t&gt;U�871��v���CY�'p"��\��5j�fe��'��}ۑ6!����΅�����~ٻhg H�g����/�X:�^	#�ty�.��oM9���jS�iI�*��kJNch��r��+�kW����w�[2��+/8�iݶ�մ����y��($�/�'��k���`�锭�I�LM��tO�k�2�)he0J�`��%$˩x���P���0'&amp;fU�4*���T�@9��A�GIa_ʔQ!$=¹ꂲ���Ch�sȻ�Y�� ��t�q�$�^�Z��&gt;yR��A*t�+�O�sY���1�r�$Zm�^��"���~��6���}n�}H'WbϓF��
�,Y���j�)��)��,P��u��W�HB�X��Y%AS�a����J��z38dP�B �R��i�c_�W�|*o����-��]�w#j�=5qэh鸚�*9�a�3��F�1kD[Ot[���|3��w(����R6��֙?���EA��A;�h�Jo ��Qm*S�����@���)��&lt;��+���Y����H뷳���o�������(��5�#���3�tRG���~�As�c@��f�.�*��/�ʋ�%�����l��{��D�yQU�5p�P����:��?��}3k2���LX��Q(�������rF/�j,�^dY�&amp;���B�0�ij��\y�&gt;�ʙ)�Wc������?�8�zc���Q�shO�&lt;o�E�Ӂ9����1ЧPE�~ȝ���@$���:O���E%O���l�8�a'�9�u�Y�i���]�3��N���-SC5�WN ����J�we`�0&lt;�i��6;��q�������l�`�J�6kûj�D�WS��X'f̶��\��e�K�zW�,�r�Ĭ��"ɠ���;��DMXp�m�w�8�A`��f1YK�݄�#��o�m�9�˱I�Z�����1�z�]����-�&lt;�&gt;j��F�W� w�`���K�M]�d�Z"tJ͌�8n������3Е7uȉ��X�ܝE��{a�(i��ҧM���v3��-��"�^�:�X�b=�-���Φ�Z1A����!�!I���nG��i�7N�V��&amp;=���c5)�q�ݪ�:Ʃ�&amp;IJy[�["�%��ԍB��_k�後j������Bye���S��&amp;�H�����Iu�T�%�ÎldFB0G�2�&gt;f�x����ը(�O�ԈT.�N1t���Mi�['�l���yL�i�g0M�b�t�����N-�8�$SN�k76�r��)�.@UAӲ�l�u���c��m+c�xό�:[i�]�&lt;3� 
/�B�S��f�W�0T��Z�{�;�6r(� �{:�е	 �����)Z�N;�b�^+�l��A�}t��=�{�������L_������l�&gt;�)���l𰟲F�fk��_�x=V�k*�`�O޼��$��!�k�4z3���Pȹך������&lt;к�a�ڱ^�jz��6E��?Z'U��w����(��&amp;v�-���-~5���&lt;ّ0ä!��YwҺk��n�����e��Ϻh��9d�Ɍ�HC]��&gt;9��Ӓ�(������U�m�ʛ���$i�ۀ&amp;�ov +~����t�%_k��6D�&gt;̩�n1��ð��ʌPJ�͠�w���Rը������!�ŻJ������MS|�"�}J����u4�f^�`�͹ALfצ��2����pS�H�͇�eZ{���4����&lt;;3���B�\j���Je�
�}3%��M�s�9����d6���/6��r�ʑ��n͜p7�`ٔ�K�T��wu֭W�����-}�H��]N�3S&gt;9A���:U0��F�
9~"�P�w+S�j���el��(�2T���N�Y| �F�uL`����-�ca�޳Yk����P�ڱ�&amp;|2�!�1�b����,]����p�_��(�%�VH��.c�e:�����h�3���������.cs�?���5���0Q�,����ɴ��y�l&amp;��2k��,��7��ك����&gt;Mr��S���k��K��Ud������6�9ǔ�Y �R��]g�{���ʩ���}:#@N_�Z��5�B����)�����&lt;�?&gt;y^W60ZY�/�����i]{E���6�&gt;|�Ƽ�4t��ʤ�sKT.��{Y˴�~��:e:��&amp;E!	��0$�X�3P3��^{B/��������'Y�ѯ=X��E&lt;���#{+ړk#�U׏��U�i���}w�w��_0+,�Q[.c�L�j¹�w��t�N鿒i�K���B�҉8E;7ި	�tʹk�꞊)\��n�������֎Qsm�\�}�o��8#U@�EB+�w�F�s��vژ��)q&gt;�+���8P�P��^��]�.�[;���Y�o8�/5��/9\�
��&gt;t,���z=�L�1��0�z2M&amp;�1�:��δ�Bϥ�-��}��&gt;���8%/����4%����4a/l������)-Y�`�'�2��g���8
���΁t���7q�+��J��`���ir!���s,Ӆ,���id�T=Hx��X�@@�g�vz���&amp;�9}�_�j���ۣlyCm|�]��׆ۖ�x#�.��:F&amp;�NF�נN�ob�A����»Ƀ �#��v�C���)��Їp�֖[5��P���b��_��pa5-�P3$��/D���Pi��b��&gt;-��FH�UcտP�~
��t��ٽal�nu#����D}�Q�b��s����hDb�#s�X���[yt��3򕇩i�/�g
��
��gnf�fѲR�V�V��֦�~{tA�i�b�@��Kr
�� ��t%��0l��Ŗ=sMym��Z��4RA(aYY�|�-\K�bn�+9�fNA�&lt;����=���&lt;b�]�i{_-6�`��e���醅�&gt;yg.}���4��j�2�6u�C�l�+���%֫���EcDs��dr =�{�+'�/��|o�]��r@=F��p��"�(��ԓ��sE}FN��&lt;���|�'��&amp;|a4B�����92:5`�k�u�=�v��n�&gt;M@���Om��/)�	�,�yg��^\�}��?�(H�YV�nF`7���]���h��{[�����PԜ6�W[ȥ��e����{�[���R^3L ��L�Q�&lt; ���T�`����X�;��C��kkWv�/�n(�j���K�l�؝1��~���
�A�F @�1n�F*�C��6����B�}�F��qp�g��0&amp;Z����X��W�NY�{��TY���HR`�"���);MV���6ziov���N%� JG��}ׄRzM��F�&gt;�@_s����"&amp;k'=���V��{��9D����͆!�
�M��Q2�dD]�pR��%�����@i�V��&amp;|v��]h�	e�x���5��s�0�۾n�-;N�D*�%�ǋ���Ɋ�a!���U�hxˉ�,Ԕ�o�5���T��˞�D{�A��A�!�04XC��,攑���Tj0�&amp;ٕ�&amp;�㥹@S'���g��S�N�oN���]���&amp;X�nhJ ���:e,�@U�s��;��[��۽V�j-�yL3i�Ϧ��4�4���d��Uv)���$�Aj��	��3��X�p x�]�p�w̐���H}~����w62�fb�,�0h�q��x���&amp;��e��L��|������ւFfN`�&gt;��f�����J��]J�WXZ9T���[Ou�����ؾ����p�SK�+��||��9	w�+�J���{Y//ی{�Я=���)��.7�I�L&amp;��N�u4$2������3L�l��fy-sB�t�'����9X ��)�2�،��M֔�v��kl��;�*�'��RC%_!/0��E�6�Y+���Ni����1�Hk�SD �r��K#mS���6H���?c6c����0|$F��q�~,��=	�1�8�ee	�#��F��-�)h���	/�=#��a�l�{����efB�[��΀ߔ�T�{\����'���3�2a�ۋr�ThI����9n�1ZZ���h�����ـٮN��� ��#���k5�	F�s6�6p��I&amp;�MhÕ��qw�3�t�,����0W"U�:'F�w��������%l���/��Mj�^VNN�:c��w2##��i�*
âa�T�{��6�1���6��;ԓ����)1�:���Xh���@_�%$�U���U�g��1�-KX�&amp;��X3�	�I/��YM�nfi��?GL�������:J��"F�+�kH�K_����c����x��s��z�A+�a��k��D%�ʡa��"೪Ʊ���"�Px��98�9ֲeCg�����@���c���+�6�pʜ�6F���wɅ��]d3fϘ���d�t��b�sS��h��P%�=�Gdʤe���S�P&amp;1��Y+|����Q)�4��j7����Ln�w�����d�J83��l&lt;�MV�t;K��e�ȞW3J�ۦ�\6��$Ϣödhr�4�N��I��@����B'�82���̬�G����&lt;��!0Yˋ�K�����ߴn��Ҥ1�4����-i5�G��5��y�J��o��^[��9�3�U�Ou(�L���x����ZO���i�_o�1���1��2�u�N�d��.R�cɂy
�A��Ԉ��~ʝ�N[���Bҫ�����u��
��H�M�-�d:7,3Z������ީn����g�l&gt;$�����8���Ӻy�l�.!'T��W�˂2@l�m`��Y3�5m=�Jro~Θ�U(ӣ^2-\��&gt;o��0����Lh���|19f�Eu�tV� ����oc���4�t�w�ِ����+�B����l���HR@uF�`�i��ݿk������9p�/�w6+���i�&gt;��pV/�gj�D���2P�^I}��\
�}��2�.p���Ɉ�&amp;����/21�^y�_&amp;G3Q�f����)���~�a������3W���v[��G����%W� ��:leܦ�Ng�rZ�M.ȧ0��As��1��Γ�
�����[ey	Bi�fH�8���1��P碴�/����y�y=�9�ܾ/�i���d8�D�[��F�w{�g��į~&amp;�?;�{��wE���
�m#x���Rj���\.�ڳ!��#��3���B���
d�... (set the log level to DEBUG or TRACE to see the full content) 
 </msg>
<msg timestamp="20230512 16:37:49.778" level="INFO">C:\Users\Nikhil4.Patil\AppData\Local\Programs\Python\Python311\Lib\site-packages\urllib3\connectionpool.py:1045: InsecureRequestWarning: Unverified HTTPS request is being made to host 'jep-asset.akamaized.net'. Adding certificate verification is strongly advised. See: https://urllib3.readthedocs.io/en/1.26.x/advanced-usage.html#ssl-warnings
  warnings.warn(</msg>
<msg timestamp="20230512 16:37:49.778" level="INFO">${resp_google} = &lt;Response [200]&gt;</msg>
<status status="PASS" starttime="20230512 16:37:48.883" endtime="20230512 16:37:49.778"/>
</kw>
<status status="PASS" starttime="20230512 16:37:48.352" endtime="20230512 16:37:49.778"/>
</kw>
<kw name="Image Verification" library="Common">
<arg>xpath=//div[@aria-label="${App_name}"]//div[@class="j-listBlock__main"]//img</arg>
<kw name="Wait Until Element Is Visible" library="SeleniumLibrary">
<arg>${locator}</arg>
<doc>Waits until the element ``locator`` is visible.</doc>
<status status="PASS" starttime="20230512 16:37:49.778" endtime="20230512 16:37:49.799"/>
</kw>
<kw name="Page Should Contain Image" library="SeleniumLibrary">
<arg>${locator}</arg>
<doc>Verifies image identified by ``locator`` is found from current page.</doc>
<msg timestamp="20230512 16:37:49.814" level="INFO">Current page contains image 'xpath=//div[@aria-label="JioNews"]//div[@class="j-listBlock__main"]//img'.</msg>
<status status="PASS" starttime="20230512 16:37:49.799" endtime="20230512 16:37:49.814"/>
</kw>
<kw name="Get Element Attribute" library="SeleniumLibrary">
<var>${img src}</var>
<arg>${locator}</arg>
<arg>src</arg>
<doc>Returns the value of ``attribute`` from the element ``locator``.</doc>
<msg timestamp="20230512 16:37:49.830" level="INFO">${img src} = https://jep-asset.akamaized.net/jio/svg/logo/jionews-n.svg</msg>
<status status="PASS" starttime="20230512 16:37:49.814" endtime="20230512 16:37:49.830"/>
</kw>
<kw name="Create Session" library="RequestsLibrary">
<arg>img</arg>
<arg>${img src}</arg>
<doc>Create Session: create a HTTP session to a server</doc>
<msg timestamp="20230512 16:37:49.830" level="INFO">Creating Session using : alias=img, url=https://jep-asset.akamaized.net/jio/svg/logo/jionews-n.svg, headers={},                     cookies={}, auth=None, timeout=None, proxies=None, verify=False,                     debug=0 </msg>
<status status="PASS" starttime="20230512 16:37:49.830" endtime="20230512 16:37:49.830"/>
</kw>
<kw name="GET On Session" library="RequestsLibrary">
<var>${resp_google}</var>
<arg>img</arg>
<arg>${img src}</arg>
<arg>expected_status=200</arg>
<doc>Sends a GET request on a previously created HTTP Session.</doc>
<msg timestamp="20230512 16:37:50.139" level="INFO">GET Request : url=https://jep-asset.akamaized.net/jio/svg/logo/jionews-n.svg 
 path_url=/jio/svg/logo/jionews-n.svg 
 headers={'User-Agent': 'python-requests/2.28.1', 'Accept-Encoding': 'gzip, deflate', 'Accept': '*/*', 'Connection': 'keep-alive'} 
 body=None 
 </msg>
<msg timestamp="20230512 16:37:50.139" level="INFO">GET Response : url=https://jep-asset.akamaized.net/jio/svg/logo/jionews-n.svg 
 status=200, reason=OK 
 headers={'x-amz-id-2': '8ekzhqHr6aCkS/JVpw0tdM021fE3y0zrsA8ueew5GxbZINEOdNmFWdrIIgWWuvUMzv1zF0qUHqw=', 'x-amz-request-id': '7W4NG9SB8C27V9TY', 'Last-Modified': 'Thu, 20 Jan 2022 14:05:11 GMT', 'ETag': '"a0657810a35a44165dfc0bd6de5f55fc"', 'x-amz-version-id': 'tdalO1TA5FFnWn9LVrP6r.UFTmR2Gb6F', 'Accept-Ranges': 'bytes', 'Content-Type': 'image/svg+xml', 'Server': 'AmazonS3', 'Vary': 'Accept-Encoding', 'Content-Encoding': 'gzip', 'Date': 'Fri, 12 May 2023 11:07:50 GMT', 'Content-Length': '463', 'Connection': 'keep-alive', 'Alt-Svc': 'h3-Q050=":443"; ma=93600,quic=":443"; ma=93600; v="46,43"', 'Cache-Control': 'max-age=8640000', 'Access-Control-Max-Age': '864000', 'Access-Control-Allow-Credentials': 'false', 'Access-Control-Allow-Headers': '*', 'Access-Control-Allow-Methods': 'GET,POST', 'Access-Control-Allow-Origin': '*'} 
 body=&lt;svg xmlns="http://www.w3.org/2000/svg" viewBox="0 0 32 32"&gt;&lt;defs&gt;&lt;style&gt;.cls-1{fill:#dc4845;}.cls-2{fill:#fff;}&lt;/style&gt;&lt;/defs&gt;&lt;g id="Layer_2" data-name="Layer 2"&gt;&lt;g id="Layer_1-2" data-name="Layer 1"&gt;&lt;g id="ic_jionews" data-name="ic jionews"&gt;&lt;path id="Rectangle_9864" data-name="Rectangle 9864" class="cls-1" d="M16,0h0A16,16,0,0,1,32,16h0A16,16,0,0,1,16,32h0A16,16,0,0,1,0,16H0A16,16,0,0,1,16,0Z"/&gt;&lt;g id="Group_137296" data-name="Group 137296"&gt;&lt;g id="Group_131877" data-name="Group 131877"&gt;&lt;rect id="Rectangle_51" data-name="Rectangle 51" class="cls-2" x="6.98" y="9.31" width="9.3" height="2.36" rx="0.67"/&gt;&lt;rect id="Rectangle_52" data-name="Rectangle 52" class="cls-2" x="6.98" y="13.04" width="9.3" height="2.36" rx="0.67"/&gt;&lt;rect id="Rectangle_53" data-name="Rectangle 53" class="cls-2" x="6.98" y="16.78" width="9.3" height="2.36" rx="0.67"/&gt;&lt;rect id="Rectangle_54" data-name="Rectangle 54" class="cls-2" x="6.98" y="20.52" width="9.3" height="2.36" rx="0.67"/&gt;&lt;/g&gt;&lt;path id="Path_64470" data-name="Path 64470" class="cls-2" d="M24.44,14.89l-6.15-3.55a.82.82,0,0,0-.83,0,.84.84,0,0,0-.42.73v7.1a.84.84,0,0,0,.42.73.87.87,0,0,0,.83,0l6.16-3.56a.84.84,0,0,0,.41-.72.83.83,0,0,0-.41-.72Z"/&gt;&lt;/g&gt;&lt;/g&gt;&lt;/g&gt;&lt;/g&gt;&lt;/svg&gt; 
 </msg>
<msg timestamp="20230512 16:37:50.139" level="INFO">C:\Users\Nikhil4.Patil\AppData\Local\Programs\Python\Python311\Lib\site-packages\urllib3\connectionpool.py:1045: InsecureRequestWarning: Unverified HTTPS request is being made to host 'jep-asset.akamaized.net'. Adding certificate verification is strongly advised. See: https://urllib3.readthedocs.io/en/1.26.x/advanced-usage.html#ssl-warnings
  warnings.warn(</msg>
<msg timestamp="20230512 16:37:50.139" level="INFO">${resp_google} = &lt;Response [200]&gt;</msg>
<status status="PASS" starttime="20230512 16:37:49.830" endtime="20230512 16:37:50.139"/>
</kw>
<status status="PASS" starttime="20230512 16:37:49.778" endtime="20230512 16:37:50.139"/>
</kw>
<kw name="Text Verification" library="Common">
<arg>xpath=//h6[normalize-space()='${App_name}']</arg>
<arg>${App_name}</arg>
<kw name="Wait Until Element Is Visible" library="SeleniumLibrary">
<arg>${locator}</arg>
<doc>Waits until the element ``locator`` is visible.</doc>
<status status="PASS" starttime="20230512 16:37:50.139" endtime="20230512 16:37:50.182"/>
</kw>
<kw name="Run Keyword And Continue On Failure" library="BuiltIn">
<arg>Element Text Should Be</arg>
<arg>${locator}</arg>
<arg>${title}</arg>
<doc>Runs the keyword and continues execution even if a failure occurs.</doc>
<kw name="Element Text Should Be" library="SeleniumLibrary">
<arg>${locator}</arg>
<arg>${title}</arg>
<doc>Verifies that element ``locator`` contains exact the text ``expected``.</doc>
<msg timestamp="20230512 16:37:50.182" level="INFO">Verifying element 'xpath=//h6[normalize-space()='JioNews']' contains exact text 'JioNews'.</msg>
<status status="PASS" starttime="20230512 16:37:50.182" endtime="20230512 16:37:50.198"/>
</kw>
<status status="PASS" starttime="20230512 16:37:50.182" endtime="20230512 16:37:50.198"/>
</kw>
<status status="PASS" starttime="20230512 16:37:50.139" endtime="20230512 16:37:50.198"/>
</kw>
<kw name="Text Verification" library="Common">
<arg>xpath=//div[@aria-label="${App_name}"]//div[@class="j-contentBlock__description"]</arg>
<arg>${Subtitle}</arg>
<kw name="Wait Until Element Is Visible" library="SeleniumLibrary">
<arg>${locator}</arg>
<doc>Waits until the element ``locator`` is visible.</doc>
<status status="PASS" starttime="20230512 16:37:50.198" endtime="20230512 16:37:50.214"/>
</kw>
<kw name="Run Keyword And Continue On Failure" library="BuiltIn">
<arg>Element Text Should Be</arg>
<arg>${locator}</arg>
<arg>${title}</arg>
<doc>Runs the keyword and continues execution even if a failure occurs.</doc>
<kw name="Element Text Should Be" library="SeleniumLibrary">
<arg>${locator}</arg>
<arg>${title}</arg>
<doc>Verifies that element ``locator`` contains exact the text ``expected``.</doc>
<msg timestamp="20230512 16:37:50.214" level="INFO">Verifying element 'xpath=//div[@aria-label="JioNews"]//div[@class="j-contentBlock__description"]' contains exact text 'Your news, your language'.</msg>
<status status="PASS" starttime="20230512 16:37:50.214" endtime="20230512 16:37:50.230"/>
</kw>
<status status="PASS" starttime="20230512 16:37:50.214" endtime="20230512 16:37:50.230"/>
</kw>
<status status="PASS" starttime="20230512 16:37:50.198" endtime="20230512 16:37:50.230"/>
</kw>
<kw name="Text Verification" library="Common">
<arg>xpath=//div[@aria-label="${App_name}"]//div[@class="j-button-group"]//button[1]</arg>
<arg>Get Now</arg>
<kw name="Wait Until Element Is Visible" library="SeleniumLibrary">
<arg>${locator}</arg>
<doc>Waits until the element ``locator`` is visible.</doc>
<status status="PASS" starttime="20230512 16:37:50.230" endtime="20230512 16:37:50.247"/>
</kw>
<kw name="Run Keyword And Continue On Failure" library="BuiltIn">
<arg>Element Text Should Be</arg>
<arg>${locator}</arg>
<arg>${title}</arg>
<doc>Runs the keyword and continues execution even if a failure occurs.</doc>
<kw name="Element Text Should Be" library="SeleniumLibrary">
<arg>${locator}</arg>
<arg>${title}</arg>
<doc>Verifies that element ``locator`` contains exact the text ``expected``.</doc>
<msg timestamp="20230512 16:37:50.247" level="INFO">Verifying element 'xpath=//div[@aria-label="JioNews"]//div[@class="j-button-group"]//button[1]' contains exact text 'Get Now'.</msg>
<status status="PASS" starttime="20230512 16:37:50.247" endtime="20230512 16:37:50.262"/>
</kw>
<status status="PASS" starttime="20230512 16:37:50.247" endtime="20230512 16:37:50.262"/>
</kw>
<status status="PASS" starttime="20230512 16:37:50.230" endtime="20230512 16:37:50.262"/>
</kw>
<kw name="Text Verification" library="Common">
<arg>xpath=//div[@aria-label="${App_name}"]//div[@class="j-button-group"]//button[2]</arg>
<arg>${Button_2}</arg>
<kw name="Wait Until Element Is Visible" library="SeleniumLibrary">
<arg>${locator}</arg>
<doc>Waits until the element ``locator`` is visible.</doc>
<status status="PASS" starttime="20230512 16:37:50.262" endtime="20230512 16:37:50.282"/>
</kw>
<kw name="Run Keyword And Continue On Failure" library="BuiltIn">
<arg>Element Text Should Be</arg>
<arg>${locator}</arg>
<arg>${title}</arg>
<doc>Runs the keyword and continues execution even if a failure occurs.</doc>
<kw name="Element Text Should Be" library="SeleniumLibrary">
<arg>${locator}</arg>
<arg>${title}</arg>
<doc>Verifies that element ``locator`` contains exact the text ``expected``.</doc>
<msg timestamp="20230512 16:37:50.282" level="INFO">Verifying element 'xpath=//div[@aria-label="JioNews"]//div[@class="j-button-group"]//button[2]' contains exact text 'Know more'.</msg>
<status status="PASS" starttime="20230512 16:37:50.282" endtime="20230512 16:37:50.298"/>
</kw>
<status status="PASS" starttime="20230512 16:37:50.282" endtime="20230512 16:37:50.298"/>
</kw>
<status status="PASS" starttime="20230512 16:37:50.262" endtime="20230512 16:37:50.298"/>
</kw>
<status status="PASS" starttime="20230512 16:37:48.352" endtime="20230512 16:37:50.298"/>
</branch>
<status status="PASS" starttime="20230512 16:37:48.352" endtime="20230512 16:37:50.298"/>
</if>
<status status="PASS" starttime="20230512 16:37:48.352" endtime="20230512 16:37:50.298"/>
</kw>
<kw name="Click Get Now Button" library="Local_Keywords">
<arg>3</arg>
<kw name="Log To Console" library="BuiltIn">
<arg>${App_name}</arg>
<doc>Logs the given message to the console.</doc>
<status status="PASS" starttime="20230512 16:37:50.298" endtime="20230512 16:37:50.314"/>
</kw>
<if>
<branch type="IF" condition="&quot;${App_name}&quot; == &quot;JioMeet&quot; or &quot;${App_name}&quot; == &quot;JioHome&quot;">
<kw name="Wait For And Click Element" library="Common">
<arg>xpath=//div[@aria-label="${App_name}"]//div[@class="j-button-group"]//button[1]</arg>
<status status="NOT RUN" starttime="20230512 16:37:50.314" endtime="20230512 16:37:50.314"/>
</kw>
<status status="NOT RUN" starttime="20230512 16:37:50.314" endtime="20230512 16:37:50.314"/>
</branch>
<branch type="ELSE">
<if>
<branch type="IF" condition="&quot;${App_name}&quot; == &quot;MyJio&quot;">
<kw name="Wait For And Click Element" library="Common">
<arg>xpath=//section[@class="css-1b1uwmf j-container l-layout--max-width"]//div[@class="j-button-group"]//button[1]</arg>
<status status="NOT RUN" starttime="20230512 16:37:50.314" endtime="20230512 16:37:50.314"/>
</kw>
<kw name="Download Page Redirection" library="Local_Keywords">
<arg>//section[@class="css-1b1uwmf j-container l-layout--max-width"]//div[@class="j-button-group"]//button[1]</arg>
<status status="NOT RUN" starttime="20230512 16:37:50.314" endtime="20230512 16:37:50.314"/>
</kw>
<status status="NOT RUN" starttime="20230512 16:37:50.314" endtime="20230512 16:37:50.314"/>
</branch>
<branch type="ELSE">
<kw name="Wait For And Click Element" library="Common">
<arg>xpath=//div[@aria-label="${App_name}"]//div[@class="j-button-group"]//button[1]</arg>
<kw name="Wait Until Element Is Visible" library="SeleniumLibrary">
<arg>${locator}</arg>
<doc>Waits until the element ``locator`` is visible.</doc>
<status status="PASS" starttime="20230512 16:37:50.314" endtime="20230512 16:37:50.323"/>
</kw>
<try>
<branch type="TRY">
<kw name="Click Element" library="SeleniumLibrary">
<arg>${locator}</arg>
<doc>Click the element identified by ``locator``.</doc>
<msg timestamp="20230512 16:37:50.323" level="INFO">Clicking element 'xpath=//div[@aria-label="JioNews"]//div[@class="j-button-group"]//button[1]'.</msg>
<status status="PASS" starttime="20230512 16:37:50.323" endtime="20230512 16:37:50.414"/>
</kw>
<status status="PASS" starttime="20230512 16:37:50.323" endtime="20230512 16:37:50.414"/>
</branch>
<branch type="EXCEPT">
<kw name="Get WebElement" library="SeleniumLibrary">
<var>${ele}</var>
<arg>${locator}</arg>
<doc>Returns the first WebElement matching the given ``locator``.</doc>
<status status="NOT RUN" starttime="20230512 16:37:50.414" endtime="20230512 16:37:50.414"/>
</kw>
<kw name="Execute Javascript" library="SeleniumLibrary">
<arg>arguments[0].click();</arg>
<arg>ARGUMENTS</arg>
<arg>${ele}</arg>
<doc>Executes the given JavaScript code with possible arguments.</doc>
<status status="NOT RUN" starttime="20230512 16:37:50.414" endtime="20230512 16:37:50.414"/>
</kw>
<status status="NOT RUN" starttime="20230512 16:37:50.414" endtime="20230512 16:37:50.414"/>
</branch>
<status status="PASS" starttime="20230512 16:37:50.323" endtime="20230512 16:37:50.414"/>
</try>
<status status="PASS" starttime="20230512 16:37:50.314" endtime="20230512 16:37:50.414"/>
</kw>
<if>
<branch type="IF" condition="&quot;${Carousel_button}&quot;">
<kw name="Download Page Redirection" library="Local_Keywords">
<arg>//div[@aria-label="${App_name}"]//div[@class="j-button-group"]//button[1]</arg>
<arg>${Carousel_button}</arg>
<kw name="Get WebElements" library="SeleniumLibrary">
<var>${elements}</var>
<arg>xpath=//div[@class="j-modal-content"]//img</arg>
<doc>Returns a list of WebElement objects matching the ``locator``.</doc>
<msg timestamp="20230512 16:37:50.430" level="INFO">${elements} = [&lt;selenium.webdriver.remote.webelement.WebElement (session="e8dd66572718c85225beb3658f91015f", element="40d610b3-83f1-41f8-883e-e700dc504293")&gt;, &lt;selenium.webdriver.remote.webelement.WebElement (sessi...</msg>
<status status="PASS" starttime="20230512 16:37:50.414" endtime="20230512 16:37:50.430"/>
</kw>
<kw name="Get Length" library="BuiltIn">
<var>${length of elements}</var>
<arg>${elements}</arg>
<doc>Returns and logs the length of the given item as an integer.</doc>
<msg timestamp="20230512 16:37:50.430" level="INFO">Length is 3</msg>
<msg timestamp="20230512 16:37:50.430" level="INFO">${length of elements} = 3</msg>
<status status="PASS" starttime="20230512 16:37:50.430" endtime="20230512 16:37:50.430"/>
</kw>
<if>
<branch type="IF" condition="${length of elements} == 2">
<kw name="Popup Content Verification" library="Local_Keywords">
<status status="NOT RUN" starttime="20230512 16:37:50.430" endtime="20230512 16:37:50.430"/>
</kw>
<kw name="Redirection On Clicking" library="Common">
<arg>xpath=//img[@src="https://jep-asset.akamaized.net/jio/svg/android-ios-logo/G-Play.png"]</arg>
<arg>${POPUP_URL}[0]</arg>
<arg>${App_name}_PlayStore</arg>
<status status="NOT RUN" starttime="20230512 16:37:50.430" endtime="20230512 16:37:50.430"/>
</kw>
<kw name="Wait For And Click Element" library="Common">
<arg>xpath=${Get_Now_Path}</arg>
<status status="NOT RUN" starttime="20230512 16:37:50.430" endtime="20230512 16:37:50.430"/>
</kw>
<kw name="Redirection On Clicking" library="Common">
<arg>xpath=//img[@src="https://jep-asset.akamaized.net/jio/svg/android-ios-logo/AppStore.png"]</arg>
<arg>${POPUP_URL}[1]</arg>
<arg>${App_name}_AppStore</arg>
<status status="NOT RUN" starttime="20230512 16:37:50.430" endtime="20230512 16:37:50.430"/>
</kw>
<kw name="Wait For And Click Element" library="Common">
<arg>xpath=${Get_Now_Path}</arg>
<status status="NOT RUN" starttime="20230512 16:37:50.430" endtime="20230512 16:37:50.430"/>
</kw>
<status status="NOT RUN" starttime="20230512 16:37:50.430" endtime="20230512 16:37:50.430"/>
</branch>
<branch type="ELSE IF" condition="${length of elements} == 3">
<kw name="Popup Content Verification" library="Local_Keywords">
<kw name="Text Verification" library="Common">
<arg>xpath=//section[@class="j-container l-layout--centered"]//h5[@cLass="j-heading j-text-heading-xs"]</arg>
<arg>This app is not available for your device</arg>
<kw name="Wait Until Element Is Visible" library="SeleniumLibrary">
<arg>${locator}</arg>
<doc>Waits until the element ``locator`` is visible.</doc>
<status status="PASS" starttime="20230512 16:37:50.430" endtime="20230512 16:37:50.456"/>
</kw>
<kw name="Run Keyword And Continue On Failure" library="BuiltIn">
<arg>Element Text Should Be</arg>
<arg>${locator}</arg>
<arg>${title}</arg>
<doc>Runs the keyword and continues execution even if a failure occurs.</doc>
<kw name="Element Text Should Be" library="SeleniumLibrary">
<arg>${locator}</arg>
<arg>${title}</arg>
<doc>Verifies that element ``locator`` contains exact the text ``expected``.</doc>
<msg timestamp="20230512 16:37:50.456" level="INFO">Verifying element 'xpath=//section[@class="j-container l-layout--centered"]//h5[@cLass="j-heading j-text-heading-xs"]' contains exact text 'This app is not available for your device'.</msg>
<status status="PASS" starttime="20230512 16:37:50.456" endtime="20230512 16:37:50.473"/>
</kw>
<status status="PASS" starttime="20230512 16:37:50.456" endtime="20230512 16:37:50.473"/>
</kw>
<status status="PASS" starttime="20230512 16:37:50.430" endtime="20230512 16:37:50.473"/>
</kw>
<kw name="Text Verification" library="Common">
<arg>xpath=//div[@class='j-text j-text-body-xs']</arg>
<arg>Available only in</arg>
<kw name="Wait Until Element Is Visible" library="SeleniumLibrary">
<arg>${locator}</arg>
<doc>Waits until the element ``locator`` is visible.</doc>
<status status="PASS" starttime="20230512 16:37:50.473" endtime="20230512 16:37:50.503"/>
</kw>
<kw name="Run Keyword And Continue On Failure" library="BuiltIn">
<arg>Element Text Should Be</arg>
<arg>${locator}</arg>
<arg>${title}</arg>
<doc>Runs the keyword and continues execution even if a failure occurs.</doc>
<kw name="Element Text Should Be" library="SeleniumLibrary">
<arg>${locator}</arg>
<arg>${title}</arg>
<doc>Verifies that element ``locator`` contains exact the text ``expected``.</doc>
<msg timestamp="20230512 16:37:50.511" level="INFO">Verifying element 'xpath=//div[@class='j-text j-text-body-xs']' contains exact text 'Available only in'.</msg>
<status status="PASS" starttime="20230512 16:37:50.503" endtime="20230512 16:37:50.530"/>
</kw>
<status status="PASS" starttime="20230512 16:37:50.503" endtime="20230512 16:37:50.530"/>
</kw>
<status status="PASS" starttime="20230512 16:37:50.473" endtime="20230512 16:37:50.530"/>
</kw>
<kw name="Get WebElements" library="SeleniumLibrary">
<var>${elements}</var>
<arg>xpath=//div[@class="j-modal-content"]//img</arg>
<doc>Returns a list of WebElement objects matching the ``locator``.</doc>
<msg timestamp="20230512 16:37:50.538" level="INFO">${elements} = [&lt;selenium.webdriver.remote.webelement.WebElement (session="e8dd66572718c85225beb3658f91015f", element="40d610b3-83f1-41f8-883e-e700dc504293")&gt;, &lt;selenium.webdriver.remote.webelement.WebElement (sessi...</msg>
<status status="PASS" starttime="20230512 16:37:50.530" endtime="20230512 16:37:50.538"/>
</kw>
<for flavor="IN">
<var>${element}</var>
<value>@{elements}</value>
<iter>
<var name="${element}">&lt;selenium.webdriver.remote.webelement.WebElement (session="e8dd66572718c85225beb3658f91015f", element="40d610b3-83f1-41f8-883e-e700dc504293")&gt;</var>
<kw name="Wait For And Verify Element" library="Common">
<arg>${element}</arg>
<kw name="Wait Until Element Is Visible" library="SeleniumLibrary">
<arg>${locator}</arg>
<arg>timeout=5s</arg>
<doc>Waits until the element ``locator`` is visible.</doc>
<status status="PASS" starttime="20230512 16:37:50.538" endtime="20230512 16:37:50.546"/>
</kw>
<kw name="Wait Until Page Contains Element" library="SeleniumLibrary">
<arg>${locator}</arg>
<doc>Waits until the element ``locator`` appears on the current page.</doc>
<status status="PASS" starttime="20230512 16:37:50.546" endtime="20230512 16:37:50.546"/>
</kw>
<status status="PASS" starttime="20230512 16:37:50.538" endtime="20230512 16:37:50.546"/>
</kw>
<status status="PASS" starttime="20230512 16:37:50.538" endtime="20230512 16:37:50.546"/>
</iter>
<iter>
<var name="${element}">&lt;selenium.webdriver.remote.webelement.WebElement (session="e8dd66572718c85225beb3658f91015f", element="646c62bf-7139-40ff-accc-37f673f0d98c")&gt;</var>
<kw name="Wait For And Verify Element" library="Common">
<arg>${element}</arg>
<kw name="Wait Until Element Is Visible" library="SeleniumLibrary">
<arg>${locator}</arg>
<arg>timeout=5s</arg>
<doc>Waits until the element ``locator`` is visible.</doc>
<status status="PASS" starttime="20230512 16:37:50.546" endtime="20230512 16:37:50.554"/>
</kw>
<kw name="Wait Until Page Contains Element" library="SeleniumLibrary">
<arg>${locator}</arg>
<doc>Waits until the element ``locator`` appears on the current page.</doc>
<status status="PASS" starttime="20230512 16:37:50.554" endtime="20230512 16:37:50.562"/>
</kw>
<status status="PASS" starttime="20230512 16:37:50.546" endtime="20230512 16:37:50.562"/>
</kw>
<status status="PASS" starttime="20230512 16:37:50.546" endtime="20230512 16:37:50.562"/>
</iter>
<iter>
<var name="${element}">&lt;selenium.webdriver.remote.webelement.WebElement (session="e8dd66572718c85225beb3658f91015f", element="eb122e98-b0a0-495e-9113-e14ef42186b2")&gt;</var>
<kw name="Wait For And Verify Element" library="Common">
<arg>${element}</arg>
<kw name="Wait Until Element Is Visible" library="SeleniumLibrary">
<arg>${locator}</arg>
<arg>timeout=5s</arg>
<doc>Waits until the element ``locator`` is visible.</doc>
<status status="PASS" starttime="20230512 16:37:50.562" endtime="20230512 16:37:50.979"/>
</kw>
<kw name="Wait Until Page Contains Element" library="SeleniumLibrary">
<arg>${locator}</arg>
<doc>Waits until the element ``locator`` appears on the current page.</doc>
[...]
</if>
<kw name="Evaluate" library="BuiltIn">
<var>${count}</var>
<arg>${count} + 1</arg>
<doc>Evaluates the given expression in Python and returns the result.</doc>
<status status="NOT RUN" starttime="20230512 16:40:24.116" endtime="20230512 16:40:24.116"/>
</kw>
<status status="NOT RUN" starttime="20230512 16:40:24.114" endtime="20230512 16:40:24.116"/>
</iter>
<status status="NOT RUN" starttime="20230512 16:40:24.114" endtime="20230512 16:40:24.116"/>
</for>
<kw name="Go To" library="SeleniumLibrary">
<arg>${App_URL}</arg>
<doc>Navigates the current browser window to the provided ``url``.</doc>
<status status="NOT RUN" starttime="20230512 16:40:24.116" endtime="20230512 16:40:24.116"/>
</kw>
<status status="NOT RUN" starttime="20230512 16:40:24.113" endtime="20230512 16:40:24.116"/>
</branch>
<branch type="ELSE">
<kw name="Wait For And Click Element" library="Common">
<arg>xpath://div[@class="j-accordion"]//div[@class="j-accordion-panel active"]//span</arg>
<kw name="Wait Until Element Is Visible" library="SeleniumLibrary">
<arg>${locator}</arg>
<doc>Waits until the element ``locator`` is visible.</doc>
<status status="PASS" starttime="20230512 16:40:24.117" endtime="20230512 16:40:24.135"/>
</kw>
<try>
<branch type="TRY">
<kw name="Click Element" library="SeleniumLibrary">
<arg>${locator}</arg>
<doc>Click the element identified by ``locator``.</doc>
<msg timestamp="20230512 16:40:24.136" level="INFO">Clicking element 'xpath://div[@class="j-accordion"]//div[@class="j-accordion-panel active"]//span'.</msg>
<status status="PASS" starttime="20230512 16:40:24.136" endtime="20230512 16:40:24.191"/>
</kw>
<status status="PASS" starttime="20230512 16:40:24.135" endtime="20230512 16:40:24.191"/>
</branch>
<branch type="EXCEPT">
<kw name="Get WebElement" library="SeleniumLibrary">
<var>${ele}</var>
<arg>${locator}</arg>
<doc>Returns the first WebElement matching the given ``locator``.</doc>
<status status="NOT RUN" starttime="20230512 16:40:24.192" endtime="20230512 16:40:24.192"/>
</kw>
<kw name="Execute Javascript" library="SeleniumLibrary">
<arg>arguments[0].click();</arg>
<arg>ARGUMENTS</arg>
<arg>${ele}</arg>
<doc>Executes the given JavaScript code with possible arguments.</doc>
<status status="NOT RUN" starttime="20230512 16:40:24.192" endtime="20230512 16:40:24.192"/>
</kw>
<status status="NOT RUN" starttime="20230512 16:40:24.191" endtime="20230512 16:40:24.192"/>
</branch>
<status status="PASS" starttime="20230512 16:40:24.135" endtime="20230512 16:40:24.192"/>
</try>
<status status="PASS" starttime="20230512 16:40:24.116" endtime="20230512 16:40:24.192"/>
</kw>
<status status="PASS" starttime="20230512 16:40:24.116" endtime="20230512 16:40:24.192"/>
</branch>
<status status="PASS" starttime="20230512 16:40:24.113" endtime="20230512 16:40:24.192"/>
</if>
<status status="PASS" starttime="20230512 16:40:18.269" endtime="20230512 16:40:24.192"/>
</iter>
<iter>
<var name="${question}">5</var>
<kw name="Scroll To" library="Common">
<arg>xpath=(//div[@class="j-accordion"]//div[@class="j-accordion-panel"])[${question}]</arg>
<kw name="Sleep" library="BuiltIn">
<arg>200ms</arg>
<doc>Pauses the test executed for the given time.</doc>
<msg timestamp="20230512 16:40:24.394" level="INFO">Slept 200 milliseconds</msg>
<status status="PASS" starttime="20230512 16:40:24.193" endtime="20230512 16:40:24.394"/>
</kw>
<try>
<branch type="TRY">
<kw name="Scroll Element Into View" library="SeleniumLibrary">
<arg>${locator}</arg>
<doc>Scrolls the element identified by ``locator`` into view.</doc>
<status status="PASS" starttime="20230512 16:40:24.394" endtime="20230512 16:40:24.677"/>
</kw>
<status status="PASS" starttime="20230512 16:40:24.394" endtime="20230512 16:40:24.677"/>
</branch>
<branch type="EXCEPT">
<kw name="Get Horizontal Position" library="SeleniumLibrary">
<var>${h}</var>
<arg>${locator}</arg>
<doc>Returns the horizontal position of the element identified by ``locator``.</doc>
<status status="NOT RUN" starttime="20230512 16:40:24.677" endtime="20230512 16:40:24.678"/>
</kw>
<kw name="Get Vertical Position" library="SeleniumLibrary">
<var>${v}</var>
<arg>${locator}</arg>
<doc>Returns the vertical position of the element identified by ``locator``.</doc>
<status status="NOT RUN" starttime="20230512 16:40:24.678" endtime="20230512 16:40:24.678"/>
</kw>
<kw name="Execute Javascript" library="SeleniumLibrary">
<arg>window.scrollTo(${h},${v});</arg>
<doc>Executes the given JavaScript code with possible arguments.</doc>
<status status="NOT RUN" starttime="20230512 16:40:24.678" endtime="20230512 16:40:24.678"/>
</kw>
<status status="NOT RUN" starttime="20230512 16:40:24.677" endtime="20230512 16:40:24.678"/>
</branch>
<status status="PASS" starttime="20230512 16:40:24.394" endtime="20230512 16:40:24.678"/>
</try>
<kw name="Wait Until Element Is Visible" library="SeleniumLibrary">
<arg>${locator}</arg>
<doc>Waits until the element ``locator`` is visible.</doc>
<status status="PASS" starttime="20230512 16:40:24.678" endtime="20230512 16:40:24.692"/>
</kw>
<status status="PASS" starttime="20230512 16:40:24.192" endtime="20230512 16:40:24.693"/>
</kw>
<kw name="Click on FAQ" library="Apps_FAQ">
<arg>xpath=(//div[@class="j-accordion"]//div[@class="j-accordion-panel"])[${question}]</arg>
<kw name="Sleep" library="BuiltIn">
<arg>0.5s</arg>
<doc>Pauses the test executed for the given time.</doc>
<msg timestamp="20230512 16:40:25.193" level="INFO">Slept 500 milliseconds</msg>
<status status="PASS" starttime="20230512 16:40:24.693" endtime="20230512 16:40:25.193"/>
</kw>
<kw name="Check Accordian" library="Apps_FAQ">
<arg>${locator}</arg>
<arg>${Plus_sign}</arg>
<kw name="Sleep" library="BuiltIn">
<arg>2s</arg>
<doc>Pauses the test executed for the given time.</doc>
<msg timestamp="20230512 16:40:27.195" level="INFO">Slept 2 seconds</msg>
<status status="PASS" starttime="20230512 16:40:25.193" endtime="20230512 16:40:27.195"/>
</kw>
<kw name="Run Keyword And Continue On Failure" library="BuiltIn">
<arg>Element Attribute Value Should Be</arg>
<arg>${locator}//span</arg>
<arg>class</arg>
<arg>${sign}</arg>
<doc>Runs the keyword and continues execution even if a failure occurs.</doc>
<kw name="Element Attribute Value Should Be" library="SeleniumLibrary">
<arg>${locator}//span</arg>
<arg>class</arg>
<arg>${sign}</arg>
<doc>Verifies element identified by ``locator`` contains expected attribute value.</doc>
<msg timestamp="20230512 16:40:27.219" level="INFO">Element 'xpath=(//div[@class="j-accordion"]//div[@class="j-accordion-panel"])[5]//span' attribute 'class' contains value 'j-accordion-panel-icn j-button j-button-size__medium tertiary icon-primary icon-only as-span'.</msg>
<status status="PASS" starttime="20230512 16:40:27.195" endtime="20230512 16:40:27.220"/>
</kw>
<status status="PASS" starttime="20230512 16:40:27.195" endtime="20230512 16:40:27.220"/>
</kw>
<status status="PASS" starttime="20230512 16:40:25.193" endtime="20230512 16:40:27.220"/>
</kw>
<kw name="Wait For And Click Element" library="Common">
<arg>${locator}</arg>
<kw name="Wait Until Element Is Visible" library="SeleniumLibrary">
<arg>${locator}</arg>
<doc>Waits until the element ``locator`` is visible.</doc>
<status status="PASS" starttime="20230512 16:40:27.220" endtime="20230512 16:40:27.236"/>
</kw>
<try>
<branch type="TRY">
<kw name="Click Element" library="SeleniumLibrary">
<arg>${locator}</arg>
<doc>Click the element identified by ``locator``.</doc>
<msg timestamp="20230512 16:40:27.237" level="INFO">Clicking element 'xpath=(//div[@class="j-accordion"]//div[@class="j-accordion-panel"])[5]'.</msg>
<status status="PASS" starttime="20230512 16:40:27.237" endtime="20230512 16:40:27.312"/>
</kw>
<status status="PASS" starttime="20230512 16:40:27.236" endtime="20230512 16:40:27.312"/>
</branch>
<branch type="EXCEPT">
<kw name="Get WebElement" library="SeleniumLibrary">
<var>${ele}</var>
<arg>${locator}</arg>
<doc>Returns the first WebElement matching the given ``locator``.</doc>
<status status="NOT RUN" starttime="20230512 16:40:27.313" endtime="20230512 16:40:27.313"/>
</kw>
<kw name="Execute Javascript" library="SeleniumLibrary">
<arg>arguments[0].click();</arg>
<arg>ARGUMENTS</arg>
<arg>${ele}</arg>
<doc>Executes the given JavaScript code with possible arguments.</doc>
<status status="NOT RUN" starttime="20230512 16:40:27.313" endtime="20230512 16:40:27.313"/>
</kw>
<status status="NOT RUN" starttime="20230512 16:40:27.312" endtime="20230512 16:40:27.313"/>
</branch>
<status status="PASS" starttime="20230512 16:40:27.236" endtime="20230512 16:40:27.313"/>
</try>
<status status="PASS" starttime="20230512 16:40:27.220" endtime="20230512 16:40:27.313"/>
</kw>
<kw name="Sleep" library="BuiltIn">
<arg>0.5s</arg>
<doc>Pauses the test executed for the given time.</doc>
<msg timestamp="20230512 16:40:27.814" level="INFO">Slept 500 milliseconds</msg>
<status status="PASS" starttime="20230512 16:40:27.313" endtime="20230512 16:40:27.814"/>
</kw>
<kw name="Check Accordian" library="Apps_FAQ">
<arg>xpath=//div[@class="j-accordion"]//div[@class="j-accordion-panel active"]</arg>
<arg>${Minus_sign}</arg>
<kw name="Sleep" library="BuiltIn">
<arg>2s</arg>
<doc>Pauses the test executed for the given time.</doc>
<msg timestamp="20230512 16:40:29.815" level="INFO">Slept 2 seconds</msg>
<status status="PASS" starttime="20230512 16:40:27.814" endtime="20230512 16:40:29.815"/>
</kw>
<kw name="Run Keyword And Continue On Failure" library="BuiltIn">
<arg>Element Attribute Value Should Be</arg>
<arg>${locator}//span</arg>
<arg>class</arg>
<arg>${sign}</arg>
<doc>Runs the keyword and continues execution even if a failure occurs.</doc>
<kw name="Element Attribute Value Should Be" library="SeleniumLibrary">
<arg>${locator}//span</arg>
<arg>class</arg>
<arg>${sign}</arg>
<doc>Verifies element identified by ``locator`` contains expected attribute value.</doc>
<msg timestamp="20230512 16:40:29.835" level="INFO">Element 'xpath=//div[@class="j-accordion"]//div[@class="j-accordion-panel active"]//span' attribute 'class' contains value 'j-accordion-panel-icn active j-button j-button-size__medium tertiary icon-primary icon-only as-span'.</msg>
<status status="PASS" starttime="20230512 16:40:29.815" endtime="20230512 16:40:29.835"/>
</kw>
<status status="PASS" starttime="20230512 16:40:29.815" endtime="20230512 16:40:29.835"/>
</kw>
<status status="PASS" starttime="20230512 16:40:27.814" endtime="20230512 16:40:29.835"/>
</kw>
<kw name="Sleep" library="BuiltIn">
<arg>20ms</arg>
<doc>Pauses the test executed for the given time.</doc>
<msg timestamp="20230512 16:40:29.857" level="INFO">Slept 20 milliseconds</msg>
<status status="PASS" starttime="20230512 16:40:29.836" endtime="20230512 16:40:29.857"/>
</kw>
<status status="PASS" starttime="20230512 16:40:24.693" endtime="20230512 16:40:29.857"/>
</kw>
<kw name="Run Keyword And Return Status" library="BuiltIn">
<var>${presense}</var>
<arg>Element Should Be Visible</arg>
<arg>${parent element}</arg>
<doc>Runs the given keyword with given arguments and returns the status as a Boolean value.</doc>
<kw name="Element Should Be Visible" library="SeleniumLibrary">
<arg>${parent element}</arg>
<doc>Verifies that the element identified by ``locator`` is visible.</doc>
<msg timestamp="20230512 16:40:30.033" level="INFO" html="true">&lt;/td&gt;&lt;/tr&gt;&lt;tr&gt;&lt;td colspan="3"&gt;&lt;a href="Apps/Apps_Screenshots/JioNews/selenium-screenshot-15.png"&gt;&lt;img src="Apps/Apps_Screenshots/JioNews/selenium-screenshot-15.png" width="800px"&gt;&lt;/a&gt;</msg>
<msg timestamp="20230512 16:40:30.033" level="FAIL">Element with locator 'xpath=//div[@class="j-accordion-panel active"]//div[@class="j-accordion-panel-content"]//div[@class="j-rich-text j-text"]//a' not found.</msg>
<status status="FAIL" starttime="20230512 16:40:29.857" endtime="20230512 16:40:30.034"/>
</kw>
<msg timestamp="20230512 16:40:30.035" level="INFO">${presense} = False</msg>
<status status="PASS" starttime="20230512 16:40:29.857" endtime="20230512 16:40:30.035"/>
</kw>
<if>
<branch type="IF" condition="${presense} == True">
<kw name="Get WebElements" library="SeleniumLibrary">
<var>${elements}</var>
<arg>xpath=//div[@aria-hidden="false"]//div[@class="j-rich-text j-text"]//a</arg>
<doc>Returns a list of WebElement objects matching the ``locator``.</doc>
<status status="NOT RUN" starttime="20230512 16:40:30.035" endtime="20230512 16:40:30.035"/>
</kw>
<kw name="Get Length" library="BuiltIn">
<var>${length}</var>
<arg>${elements}</arg>
<doc>Returns and logs the length of the given item as an integer.</doc>
<status status="NOT RUN" starttime="20230512 16:40:30.035" endtime="20230512 16:40:30.035"/>
</kw>
<for flavor="IN RANGE">
<var>${element}</var>
<value>1</value>
<value>${length} + 1</value>
<iter>
<var name="${element}"/>
<kw name="Wait For And Click Element" library="Common">
<arg>xpath=(//div[@aria-hidden="false"]//div[@class="j-rich-text j-text"]//a)[${element}]</arg>
<status status="NOT RUN" starttime="20230512 16:40:30.035" endtime="20230512 16:40:30.035"/>
</kw>
<kw name="Sleep" library="BuiltIn">
<arg>20ms</arg>
<doc>Pauses the test executed for the given time.</doc>
<status status="NOT RUN" starttime="20230512 16:40:30.036" endtime="20230512 16:40:30.036"/>
</kw>
<if>
<branch type="IF" condition="&quot;${App_name}&quot; == &quot;JioMeet&quot;">
<kw name="Verify Page Loaded" library="Redirection_to_Apps">
<arg>${App_name}</arg>
<status status="NOT RUN" starttime="20230512 16:40:30.036" endtime="20230512 16:40:30.036"/>
</kw>
<status status="NOT RUN" starttime="20230512 16:40:30.036" endtime="20230512 16:40:30.036"/>
</branch>
<branch type="ELSE">
<kw name="Check Window count and Validation" library="Common">
<arg>${FAQ_URL}[${count}]</arg>
<arg>${App_name}_FAQ_Hyperlink_${count}</arg>
<status status="NOT RUN" starttime="20230512 16:40:30.036" endtime="20230512 16:40:30.036"/>
</kw>
<kw name="Go To" library="SeleniumLibrary">
<arg>${App_URL}</arg>
<doc>Navigates the current browser window to the provided ``url``.</doc>
<status status="NOT RUN" starttime="20230512 16:40:30.036" endtime="20230512 16:40:30.036"/>
</kw>
<if>
<branch type="IF" condition="&quot;${element}&quot; != &quot;${length}&quot;">
<kw name="Wait For And Click Element" library="Common">
<arg>xpath=(//div[@class="j-accordion"]//div[@class="j-accordion-panel"])[${question}]</arg>
<status status="NOT RUN" starttime="20230512 16:40:30.036" endtime="20230512 16:40:30.036"/>
</kw>
<status status="NOT RUN" starttime="20230512 16:40:30.036" endtime="20230512 16:40:30.037"/>
</branch>
<status status="NOT RUN" starttime="20230512 16:40:30.036" endtime="20230512 16:40:30.037"/>
</if>
<status status="NOT RUN" starttime="20230512 16:40:30.036" endtime="20230512 16:40:30.037"/>
</branch>
<status status="NOT RUN" starttime="20230512 16:40:30.036" endtime="20230512 16:40:30.037"/>
</if>
<kw name="Evaluate" library="BuiltIn">
<var>${count}</var>
<arg>${count} + 1</arg>
<doc>Evaluates the given expression in Python and returns the result.</doc>
<status status="NOT RUN" starttime="20230512 16:40:30.037" endtime="20230512 16:40:30.037"/>
</kw>
<status status="NOT RUN" starttime="20230512 16:40:30.035" endtime="20230512 16:40:30.037"/>
</iter>
<status status="NOT RUN" starttime="20230512 16:40:30.035" endtime="20230512 16:40:30.037"/>
</for>
<kw name="Go To" library="SeleniumLibrary">
<arg>${App_URL}</arg>
<doc>Navigates the current browser window to the provided ``url``.</doc>
<status status="NOT RUN" starttime="20230512 16:40:30.037" endtime="20230512 16:40:30.037"/>
</kw>
<status status="NOT RUN" starttime="20230512 16:40:30.035" endtime="20230512 16:40:30.037"/>
</branch>
<branch type="ELSE">
<kw name="Wait For And Click Element" library="Common">
<arg>xpath://div[@class="j-accordion"]//div[@class="j-accordion-panel active"]//span</arg>
<kw name="Wait Until Element Is Visible" library="SeleniumLibrary">
<arg>${locator}</arg>
<doc>Waits until the element ``locator`` is visible.</doc>
<status status="PASS" starttime="20230512 16:40:30.038" endtime="20230512 16:40:30.055"/>
</kw>
<try>
<branch type="TRY">
<kw name="Click Element" library="SeleniumLibrary">
<arg>${locator}</arg>
<doc>Click the element identified by ``locator``.</doc>
<msg timestamp="20230512 16:40:30.056" level="INFO">Clicking element 'xpath://div[@class="j-accordion"]//div[@class="j-accordion-panel active"]//span'.</msg>
<status status="PASS" starttime="20230512 16:40:30.056" endtime="20230512 16:40:30.105"/>
</kw>
<status status="PASS" starttime="20230512 16:40:30.056" endtime="20230512 16:40:30.105"/>
</branch>
<branch type="EXCEPT">
<kw name="Get WebElement" library="SeleniumLibrary">
<var>${ele}</var>
<arg>${locator}</arg>
<doc>Returns the first WebElement matching the given ``locator``.</doc>
<status status="NOT RUN" starttime="20230512 16:40:30.105" endtime="20230512 16:40:30.105"/>
</kw>
<kw name="Execute Javascript" library="SeleniumLibrary">
<arg>arguments[0].click();</arg>
<arg>ARGUMENTS</arg>
<arg>${ele}</arg>
<doc>Executes the given JavaScript code with possible arguments.</doc>
<status status="NOT RUN" starttime="20230512 16:40:30.105" endtime="20230512 16:40:30.105"/>
</kw>
<status status="NOT RUN" starttime="20230512 16:40:30.105" endtime="20230512 16:40:30.105"/>
</branch>
<status status="PASS" starttime="20230512 16:40:30.055" endtime="20230512 16:40:30.105"/>
</try>
<status status="PASS" starttime="20230512 16:40:30.037" endtime="20230512 16:40:30.106"/>
</kw>
<status status="PASS" starttime="20230512 16:40:30.037" endtime="20230512 16:40:30.106"/>
</branch>
<status status="PASS" starttime="20230512 16:40:30.035" endtime="20230512 16:40:30.106"/>
</if>
<status status="PASS" starttime="20230512 16:40:24.192" endtime="20230512 16:40:30.106"/>
</iter>
<status status="PASS" starttime="20230512 16:39:33.168" endtime="20230512 16:40:30.106"/>
</for>
<status status="PASS" starttime="20230512 16:39:33.168" endtime="20230512 16:40:30.106"/>
</kw>
<kw name="Go Back" library="SeleniumLibrary">
<doc>Simulates the user clicking the back button on their browser.</doc>
<status status="PASS" starttime="20230512 16:40:30.106" endtime="20230512 16:40:30.125"/>
</kw>
<status status="PASS" starttime="20230512 16:37:48.232" endtime="20230512 16:40:30.125"/>
</kw>
<status status="PASS" starttime="20230512 16:37:48.232" endtime="20230512 16:40:30.126"/>
</kw>
<kw name="End Web Test" library="Common" type="TEARDOWN">
<kw name="Close All Excel Documents" library="ExcelLibrary">
<doc>Closes all opened documents.</doc>
<status status="PASS" starttime="20230512 16:40:30.127" endtime="20230512 16:40:30.127"/>
</kw>
<kw name="Close Browser" library="SeleniumLibrary">
<doc>Closes the current browser.</doc>
<status status="PASS" starttime="20230512 16:40:30.127" endtime="20230512 16:40:34.756"/>
</kw>
<status status="PASS" starttime="20230512 16:40:30.126" endtime="20230512 16:40:34.756"/>
</kw>
<doc>JioNews test case validation (TC01-TC12)</doc>
<tag>${JioNews}</tag>
<tag>Ent</tag>
<tag>JioNews</tag>
<status status="PASS" starttime="20230512 16:37:40.407" endtime="20230512 16:40:34.757"/>
</test>
<status status="PASS" starttime="20230512 16:37:38.556" endtime="20230512 16:40:34.759"/>
</suite>
<statistics>
<total>
<stat pass="1" fail="0" skip="0">All Tests</stat>
</total>
<tag>
<stat pass="1" fail="0" skip="0">${JioNews}</stat>
<stat pass="1" fail="0" skip="0">Ent</stat>
<stat pass="1" fail="0" skip="0">JioNews</stat>
</tag>
<suite>
<stat pass="1" fail="0" skip="0" id="s1" name="Apps">Apps</stat>
</suite>
</statistics>
<errors>
</errors>
</robot>
